This file is a merged representation of the entire codebase, combining all repository files into a single document.
Generated by Repopack on: 2024-10-13T21:40:19.006Z

================================================================
File Summary
================================================================

Purpose:
--------
This file contains a packed representation of the entire repository's contents.
It is designed to be easily consumable by AI systems for analysis, code review,
or other automated processes.

File Format:
------------
The content is organized as follows:
1. This summary section
2. Repository information
3. Repository structure
4. Multiple file entries, each consisting of:
  a. A separator line (================)
  b. The file path (File: path/to/file)
  c. Another separator line
  d. The full contents of the file
  e. A blank line

Usage Guidelines:
-----------------
- This file should be treated as read-only. Any changes should be made to the
  original repository files, not this packed version.
- When processing this file, use the file path to distinguish
  between different files in the repository.
- Be aware that this file may contain sensitive information. Handle it with
  the same level of security as you would the original repository.
- Pay special attention to the Repository Description. These contain important context and guidelines specific to this project.

Notes:
------
- Some files may have been excluded based on .gitignore rules and Repopack's
  configuration.
- Binary files are not included in this packed representation. Please refer to
  the Repository Structure section for a complete list of file paths, including
  binary files.

Additional Info:
----------------
User Provided Header:
-----------------------
sheltopusik source code

For more information about Repopack, visit: https://github.com/yamadashy/repopack

================================================================
Repository Structure
================================================================
examples/
  fibonacci.sp
  quicksort.sp
src/
  core/
    environment.js
    evaluator.js
    interpreter.js
    parser.js
    primitives.js
    test_suite.js
    types.js
.gitignore
error.md
LICENSE
package.json
README.md

================================================================
Repository Files
================================================================

================
File: examples/fibonacci.sp
================
[
    "define", "fib",
    ["lambda", ["n"],
      ["if", ["<", "n", 2],
        "n",
        ["+",
          ["fib", ["-", "n", 1]],
          ["fib", ["-", "n", 2]]
        ]
      ]
    ],
    ["fib", 10]
  ]

================
File: examples/quicksort.sp
================
[
  "define", "quicksort",
  ["lambda", ["lst"],
    ["if", ["<", ["length", "lst"], 2],
      "lst",
      ["let", [["pivot", ["car", "lst"]],
               ["rest", ["cdr", "lst"]]],
        ["append",
          ["quicksort", ["filter", ["lambda", ["x"], ["<", "x", "pivot"]], "rest"]],
          [["pivot"]],
          ["quicksort", ["filter", ["lambda", ["x"], [">=", "x", "pivot"]], "rest"]]
        ]
      ]
    ]
  ],
  ["quicksort", [3, 1, 4, 1, 5, 9, 2, 6, 5, 3, 5]]
]

================
File: src/core/environment.js
================
// environment.js
export class Environment {
    constructor(parent = null) {
        this.vars = new Map();
        this.parent = parent;
    }

    define(symbol, value) {
        this.vars.set(symbol, value);
    }

    lookup(symbol) {
        console.log(`Looking up symbol: ${symbol}`);
        if (this.vars.has(symbol)) {
            return this.vars.get(symbol);
        } else if (this.parent) {
            return this.parent.lookup(symbol);
        }
        throw new Error(`Undefined symbol: ${symbol}. Available symbols: ${[...this.vars.keys()]}`);
    }

    extend(params, args) {
        const newEnv = new Environment(this);
        if (params instanceof Array && args instanceof Array) {
            params.forEach((param, index) => {
                newEnv.define(param.value, args[index]);
            });
        } else {
            console.warn('Params or args is not an array in Environment.extend');
        }
        return newEnv;
    }
}

================
File: src/core/evaluator.js
================
// evaluator.js
import { SPAtom, SPList } from './types.js';

export class Evaluator {
    constructor(globalEnv) {
        this.globalEnv = globalEnv;
        this.macros = new Map();
    }

    eval(expr, env = this.globalEnv) {
        try {
            console.log(`Evaluating expression:`, this.safeStringify(expr));

            // Macro expansion
            expr = this.macroExpand(expr, env);

            if (expr instanceof SPAtom) {
                if (typeof expr.value === 'string') {
                    return env.lookup(expr.value);
                }
                return expr.value;
            } else if (expr instanceof SPList) {
                const [op, ...args] = expr;
                const opValue = this.eval(op, env);

                console.log(`Operator:`, this.safeStringify(opValue));
                console.log(`Arguments:`, args.map(arg => this.safeStringify(arg)));

                if (opValue === Symbol.for('define')) {
                    env.define(args[0].value, this.eval(args[1], env));
                    return null;
                } else if (opValue === Symbol.for('define-macro')) {
                    this.defineMacro(args[0].value, args.slice(1));
                    return null;
                } else if (opValue === Symbol.for('lambda')) {
                    return (...params) => {
                        const newEnv = env.extend(args[0], params);
                        return this.eval(args[1], newEnv);
                    };
                } else if (opValue === Symbol.for('if')) {
                    return this.eval(args[0], env) ? this.eval(args[1], env) : this.eval(args[2], env);
                } else if (opValue === Symbol.for('quote')) {
                    return args[0];
                } else if (typeof opValue === 'function') {
                    const evaluatedArgs = args.map(arg => this.eval(arg, env));
                    return opValue(...evaluatedArgs);
                } else if (opValue instanceof SPAtom) {
                    // If opValue is an SPAtom, it's likely a symbol that should be returned as-is
                    return opValue;
                }
                throw new Error(`Unsupported operation: ${this.safeStringify(opValue)}`);
            }
            throw new Error(`Unknown expression type: ${this.safeStringify(expr)}`);
        } catch (error) {
            console.error(`Evaluation error:`, error);
            throw error;
        }
    }
    defineMacro(name, expr) {
        this.macros.set(name, expr);
    }

    macroExpand(expr, env) {
        if (expr instanceof SPList) {
            const [op, ...args] = expr;
            if (op instanceof SPAtom && this.macros.has(op.value)) {
                const macro = this.macros.get(op.value);
                const expanded = this.applyMacro(macro, args);
                return this.macroExpand(expanded, env);
            }
            return new SPList(...expr.map(e => this.macroExpand(e, env)));
        }
        return expr;
    }

    applyMacro(macro, args) {
        if (macro instanceof Array && macro.length > 1) {
            const [params, ...body] = macro;
            const macroEnv = this.globalEnv.extend(params, args);
            return this.eval(new SPList(...body), macroEnv);
        }
        throw new Error('Invalid macro definition');
    }

    safeStringify(value) {
        if (typeof value === 'symbol') {
            return value.toString();
        }
        return JSON.stringify(value);
    }
}

================
File: src/core/interpreter.js
================
// interpreter.js
import { Parser } from './parser.js';
import { Environment } from './environment.js';
import { Evaluator } from './evaluator.js';
import { primitives } from './primitives.js';

export class Interpreter {
    constructor() {
        this.parser = new Parser();
        this.globalEnv = new Environment();
        Object.entries(primitives).forEach(([name, fn]) => {
            this.globalEnv.define(name, fn);
        });
        this.evaluator = new Evaluator(this.globalEnv);
    }

    interpret(jsonProgram) {
        const parsed = this.parser.parse(jsonProgram);
        return this.evaluator.eval(parsed);
    }
}

================
File: src/core/parser.js
================
// parser.js
import { SPAtom, SPList } from './types.js';

export class Parser {
    parse(jsonExpression) {
        if (Array.isArray(jsonExpression)) {
            return new SPList(...jsonExpression.map(elem => this.parse(elem)));
        } else {
            return new SPAtom(jsonExpression);
        }
    }
}

================
File: src/core/primitives.js
================
// primitives.js
export const primitives = {
    '+': (a, b) => a + b,
    '-': (a, b) => a - b,
    '*': (a, b) => a * b,
    '/': (a, b) => a / b,
    '=': (a, b) => a === b,
    '<': (a, b) => a < b,
    '>': (a, b) => a > b,
    'define': Symbol.for('define'),
    'lambda': Symbol.for('lambda'),
    'if': Symbol.for('if'),
    'quote': Symbol.for('quote'),
    'define-macro': Symbol.for('define-macro'),
    // Additional primitives for quicksort example
    'length': (arr) => arr.length,
    'car': (arr) => arr[0],
    'cdr': (arr) => arr.slice(1),
    'append': (...arrs) => arrs.reduce((acc, arr) => acc.concat(arr), []),
    'filter': (fn, arr) => arr.filter(fn)
};

================
File: src/core/test_suite.js
================
// test_suite.js
import { promises as fs } from 'fs';
import { fileURLToPath } from 'url';
import { dirname, join } from 'path';
import { Interpreter } from './interpreter.js';

const __filename = fileURLToPath(import.meta.url);
const __dirname = dirname(__filename);

async function runTests() {
    const interpreter = new Interpreter();

    console.log("Running Sheltopusik (SP) test suite...\n");

    // Test basic arithmetic
    console.assert(interpreter.interpret(["+", 1, 2]) === 3, "Basic addition failed");
    console.assert(interpreter.interpret(["-", 5, 3]) === 2, "Basic subtraction failed");
    console.assert(interpreter.interpret(["*", 4, 3]) === 12, "Basic multiplication failed");
    console.assert(interpreter.interpret(["/", 10, 2]) === 5, "Basic division failed");

    // Test variable definition and lookup
    interpreter.interpret(["define", "x", 10]);
    console.assert(interpreter.interpret("x") === 10, "Variable definition and lookup failed");

    // Test conditionals
    console.assert(interpreter.interpret(["if", true, 1, 2]) === 1, "If true condition failed");
    console.assert(interpreter.interpret(["if", false, 1, 2]) === 2, "If false condition failed");

    // Test lambda functions and lexical scoping
    interpreter.interpret(["define", "make-adder", ["lambda", ["x"], ["lambda", ["y"], ["+", "x", "y"]]]]);
    interpreter.interpret(["define", "add5", ["make-adder", 5]]);
    console.assert(interpreter.interpret(["add5", 3]) === 8, "Lambda and lexical scoping test failed");

    // Test recursion (factorial function)
    interpreter.interpret([
        "define", "factorial",
        ["lambda", ["n"],
            ["if", ["=", "n", 0],
                1,
                ["*", "n", ["factorial", ["-", "n", 1]]]
            ]
        ]
    ]);
    console.assert(interpreter.interpret(["factorial", 5]) === 120, "Recursive factorial function failed");

    // Test macro expansion
    interpreter.interpret([
        "define-macro", "unless", ["condition", "consequence", "alternative"],
        ["if", ["=", "condition", false], "consequence", "alternative"]
    ]);
    console.assert(
        interpreter.interpret(["unless", ["<", 5, 3], "correct", "incorrect"]) === "correct",
        "Macro expansion test failed"
    );

    console.log("All tests passed successfully!\n");
}

async function runFile(filename) {
    const filePath = join(__dirname, filename);

    console.log(`Reading ${filename}:`);
    const fileContent = await fs.readFile(filePath, 'utf8');
    const jsonProgram = JSON.parse(fileContent);

    console.log(`Running ${filename}:`);
    const interpreter = new Interpreter();
    const result = interpreter.interpret(jsonProgram);
    console.log("Result:", result);
    console.log();
}

async function main() {
    await runTests();
    await runFile('../../examples/fibonacci.sp');
    await runFile('../../examples/quicksort.sp');
}

main().catch(console.error);

================
File: src/core/types.js
================
// types.js
export class SPAtom {
    constructor(value) {
        this.value = value;
    }
}

export class SPList extends Array { }

================
File: .gitignore
================
# Logs
logs
*.log
npm-debug.log*
yarn-debug.log*
yarn-error.log*
lerna-debug.log*
.pnpm-debug.log*

# Diagnostic reports (https://nodejs.org/api/report.html)
report.[0-9]*.[0-9]*.[0-9]*.[0-9]*.json

# Runtime data
pids
*.pid
*.seed
*.pid.lock

# Directory for instrumented libs generated by jscoverage/JSCover
lib-cov

# Coverage directory used by tools like istanbul
coverage
*.lcov

# nyc test coverage
.nyc_output

# Grunt intermediate storage (https://gruntjs.com/creating-plugins#storing-task-files)
.grunt

# Bower dependency directory (https://bower.io/)
bower_components

# node-waf configuration
.lock-wscript

# Compiled binary addons (https://nodejs.org/api/addons.html)
build/Release

# Dependency directories
node_modules/
jspm_packages/

# Snowpack dependency directory (https://snowpack.dev/)
web_modules/

# TypeScript cache
*.tsbuildinfo

# Optional npm cache directory
.npm

# Optional eslint cache
.eslintcache

# Optional stylelint cache
.stylelintcache

# Microbundle cache
.rpt2_cache/
.rts2_cache_cjs/
.rts2_cache_es/
.rts2_cache_umd/

# Optional REPL history
.node_repl_history

# Output of 'npm pack'
*.tgz

# Yarn Integrity file
.yarn-integrity

# dotenv environment variable files
.env
.env.development.local
.env.test.local
.env.production.local
.env.local

# parcel-bundler cache (https://parceljs.org/)
.cache
.parcel-cache

# Next.js build output
.next
out

# Nuxt.js build / generate output
.nuxt
dist

# Gatsby files
.cache/
# Comment in the public line in if your project uses Gatsby and not Next.js
# https://nextjs.org/blog/next-9-1#public-directory-support
# public

# vuepress build output
.vuepress/dist

# vuepress v2.x temp and cache directory
.temp
.cache

# Docusaurus cache and generated files
.docusaurus

# Serverless directories
.serverless/

# FuseBox cache
.fusebox/

# DynamoDB Local files
.dynamodb/

# TernJS port file
.tern-port

# Stores VSCode versions used for testing VSCode extensions
.vscode-test

# yarn v2
.yarn/cache
.yarn/unplugged
.yarn/build-state.yml
.yarn/install-state.gz
.pnp.*

================
File: error.md
================
1743 silly fetch manifest serialize-error@^8.0.0
1744 silly packumentCache full:https://registry.npmjs.org/serialize-error cache-miss
1785 http fetch GET 200 https://registry.npmjs.org/serialize-error 2210ms (cache revalidated)
1786 silly packumentCache full:https://registry.npmjs.org/serialize-error set size:58099 disposed:false
2626 silly fetch manifest @xmpp/error@^0.13.1
2627 silly packumentCache full:https://registry.npmjs.org/@xmpp%2ferror cache-miss
2653 silly fetch manifest @xmpp/error@^0.13.1
2654 silly packumentCache full:https://registry.npmjs.org/@xmpp%2ferror cache-miss
2659 http fetch GET 200 https://registry.npmjs.org/@xmpp%2ferror 1374ms (cache revalidated)
2660 silly packumentCache full:https://registry.npmjs.org/@xmpp%2ferror set size:25648 disposed:false
2663 http fetch GET 200 https://registry.npmjs.org/@xmpp%2ferror 202ms (cache revalidated)
2664 silly packumentCache full:https://registry.npmjs.org/@xmpp%2ferror set size:25648 disposed:false
2665 silly packumentCache full:https://registry.npmjs.org/@xmpp%2ferror dispose
2813 silly placeDep ROOT @xmpp/error@0.13.1 OK for: @xmpp/connection@0.13.1 want: ^0.13.1
3704 silly fetch manifest json-parse-even-better-errors@^2.3.0
3705 silly packumentCache full:https://registry.npmjs.org/json-parse-even-better-errors cache-miss
3714 http fetch GET 200 https://registry.npmjs.org/json-parse-even-better-errors 717ms (cache revalidated)
3715 silly packumentCache full:https://registry.npmjs.org/json-parse-even-better-errors set size:31937 disposed:false
3762 silly fetch manifest es6-error@^4.1.1
3763 silly packumentCache full:https://registry.npmjs.org/es6-error cache-miss
3768 silly fetch manifest serialize-error@^7.0.1
3769 silly packumentCache full:https://registry.npmjs.org/serialize-error cache-hit
3776 http fetch GET 200 https://registry.npmjs.org/es6-error 79ms (cache revalidated)
3777 silly packumentCache full:https://registry.npmjs.org/es6-error set size:27924 disposed:false
4160 silly fetch manifest @types/verror@^1.10.3
4161 silly packumentCache full:https://registry.npmjs.org/@types%2fverror cache-miss
4174 http fetch GET 200 https://registry.npmjs.org/@types%2fverror 168ms (cache revalidated)
4175 silly packumentCache full:https://registry.npmjs.org/@types%2fverror set size:39356 disposed:false
4179 silly placeDep ROOT @types/verror@1.10.10 OK for: dmg-license@1.0.11 want: ^1.10.3
4781 silly placeDep ROOT es6-error@4.1.1 OK for: global-agent@3.0.0 want: ^4.1.1
4784 silly placeDep ROOT serialize-error@7.0.1 OK for: global-agent@3.0.0 want: ^7.0.1
5512 silly fetch manifest aggregate-error@^3.0.0
5513 silly packumentCache full:https://registry.npmjs.org/aggregate-error cache-miss
5516 http fetch GET 200 https://registry.npmjs.org/aggregate-error 67ms (cache revalidated)
5517 silly packumentCache full:https://registry.npmjs.org/aggregate-error set size:29031 disposed:false
5625 silly placeDep ROOT aggregate-error@3.1.0 OK for: p-map@4.0.0 want: ^3.0.0
5634 silly placeDep ROOT clean-stack@2.2.0 OK for: aggregate-error@3.1.0 want: ^2.0.0
5635 silly placeDep ROOT indent-string@4.0.0 OK for: aggregate-error@3.1.0 want: ^4.0.0
5792 silly fetch manifest verror@1.10.0
5793 silly packumentCache full:https://registry.npmjs.org/verror cache-miss
5812 http fetch GET 200 https://registry.npmjs.org/verror 132ms (cache revalidated)
5813 silly packumentCache full:https://registry.npmjs.org/verror set size:50044 disposed:false
5826 silly placeDep node_modules/jsprim verror@1.10.0 OK for: jsprim@1.4.2 want: 1.10.0
5925 silly placeDep ROOT type-fest@0.13.1 OK for: serialize-error@7.0.1 want: ^0.13.1
6383 silly placeDep node_modules/webdriverio serialize-error@8.1.0 OK for: webdriverio@7.20.9 want: ^8.0.0
6707 silly fetch manifest makeerror@1.0.12
6708 silly packumentCache full:https://registry.npmjs.org/makeerror cache-miss
6729 http fetch GET 200 https://registry.npmjs.org/makeerror 160ms (cache revalidated)
6730 silly packumentCache full:https://registry.npmjs.org/makeerror set size:16681 disposed:false
6738 silly placeDep ROOT makeerror@1.0.12 OK for: walker@1.0.8 want: 1.0.12
6743 silly placeDep ROOT tmpl@1.0.5 OK for: makeerror@1.0.12 want: 1.0.5
6825 silly fetch manifest error@^4.3.0
6826 silly packumentCache full:https://registry.npmjs.org/error cache-miss
6843 http fetch GET 200 https://registry.npmjs.org/error 226ms (cache revalidated)
6844 silly packumentCache full:https://registry.npmjs.org/error set size:118578 disposed:false
6854 silly placeDep ROOT error@4.4.0 OK for: virtual-dom@2.1.1 want: ^4.3.0
6881 silly placeDep ROOT camelize@1.0.1 OK for: error@4.4.0 want: ^1.0.0
6882 silly placeDep ROOT string-template@0.2.1 OK for: error@4.4.0 want: ~0.2.0
6883 silly placeDep ROOT xtend@4.0.2 OK for: error@4.4.0 want: ~4.0.0
7235 silly placeDep node_modules/babel-plugin-relay json-parse-even-better-errors@2.3.1 OK for: parse-json@5.2.0 want: ^2.3.0
7255 silly placeDep node_modules/cosmiconfig json-parse-even-better-errors@2.3.1 OK for: parse-json@5.2.0 want: ^2.3.0
7605 silly placeDep node_modules/webdriverio type-fest@0.20.2 OK for: serialize-error@8.1.0 want: ^0.20.2
8635 silly placeDep node_modules/jest-config json-parse-even-better-errors@2.3.1 OK for: parse-json@5.2.0 want: ^2.3.0
8706 error code 1
8707 error git dep preparation failed
8708 error command /home/danny/.nvm/versions/node/v20.11.0/bin/node /home/danny/.nvm/versions/node/v20.11.0/lib/node_modules/npm/bin/npm-cli.js install --force --cache=/home/danny/.npm --prefer-offline=false --prefer-online=false --offline=false --no-progress --no-save --no-audit --include=dev --include=peer --include=optional --no-package-lock-only --no-dry-run
8709 error > superstring@2.4.4 install
8709 error > node-gyp rebuild
8709 error
8709 error make: Entering directory '/home/danny/.npm/_cacache/tmp/git-cloneriPieP/build'
8709 error   g++ -o Release/obj.target/superstring_core/src/core/encoding-conversion.o ../src/core/encoding-conversion.cc '-DNODE_GYP_MODULE_NAME=superstring_core' '-DUSING_UV_SHARED=1' '-DUSING_V8_SHARED=1' '-DV8_DEPRECATION_WARNINGS=1' '-D_GLIBCXX_USE_CXX11_ABI=1' '-D_LARGEFILE_SOURCE' '-D_FILE_OFFSET_BITS=64' '-D__STDC_FORMAT_MACROS' '-DOPENSSL_NO_PINSHARED' '-DOPENSSL_THREADS' '-DPCRE2_CODE_UNIT_WIDTH=16' -I/home/danny/.cache/node-gyp/20.11.0/include/node -I/home/danny/.cache/node-gyp/20.11.0/src -I/home/danny/.cache/node-gyp/20.11.0/deps/openssl/config -I/home/danny/.cache/node-gyp/20.11.0/deps/openssl/openssl/include -I/home/danny/.cache/node-gyp/20.11.0/deps/uv/include -I/home/danny/.cache/node-gyp/20.11.0/deps/zlib -I/home/danny/.cache/node-gyp/20.11.0/deps/v8/include -I../vendor/libcxx -I../vendor/pcre/include  -fPIC -pthread -Wall -Wextra -Wno-unused-parameter -m64 -O3 -fno-omit-frame-pointer -std=c++11 -fno-rtti -fno-exceptions -std=gnu++17 -MMD -MF ./Release/.deps/Release/obj.target/superstring_core/src/core/encoding-conversion.o.d.raw   -c
8709 error   g++ -o Release/obj.target/superstring_core/src/core/marker-index.o ../src/core/marker-index.cc '-DNODE_GYP_MODULE_NAME=superstring_core' '-DUSING_UV_SHARED=1' '-DUSING_V8_SHARED=1' '-DV8_DEPRECATION_WARNINGS=1' '-D_GLIBCXX_USE_CXX11_ABI=1' '-D_LARGEFILE_SOURCE' '-D_FILE_OFFSET_BITS=64' '-D__STDC_FORMAT_MACROS' '-DOPENSSL_NO_PINSHARED' '-DOPENSSL_THREADS' '-DPCRE2_CODE_UNIT_WIDTH=16' -I/home/danny/.cache/node-gyp/20.11.0/include/node -I/home/danny/.cache/node-gyp/20.11.0/src -I/home/danny/.cache/node-gyp/20.11.0/deps/openssl/config -I/home/danny/.cache/node-gyp/20.11.0/deps/openssl/openssl/include -I/home/danny/.cache/node-gyp/20.11.0/deps/uv/include -I/home/danny/.cache/node-gyp/20.11.0/deps/zlib -I/home/danny/.cache/node-gyp/20.11.0/deps/v8/include -I../vendor/libcxx -I../vendor/pcre/include  -fPIC -pthread -Wall -Wextra -Wno-unused-parameter -m64 -O3 -fno-omit-frame-pointer -std=c++11 -fno-rtti -fno-exceptions -std=gnu++17 -MMD -MF ./Release/.deps/Release/obj.target/superstring_core/src/core/marker-index.o.d.raw   -c
8709 error   g++ -o Release/obj.target/superstring_core/src/core/patch.o ../src/core/patch.cc '-DNODE_GYP_MODULE_NAME=superstring_core' '-DUSING_UV_SHARED=1' '-DUSING_V8_SHARED=1' '-DV8_DEPRECATION_WARNINGS=1' '-D_GLIBCXX_USE_CXX11_ABI=1' '-D_LARGEFILE_SOURCE' '-D_FILE_OFFSET_BITS=64' '-D__STDC_FORMAT_MACROS' '-DOPENSSL_NO_PINSHARED' '-DOPENSSL_THREADS' '-DPCRE2_CODE_UNIT_WIDTH=16' -I/home/danny/.cache/node-gyp/20.11.0/include/node -I/home/danny/.cache/node-gyp/20.11.0/src -I/home/danny/.cache/node-gyp/20.11.0/deps/openssl/config -I/home/danny/.cache/node-gyp/20.11.0/deps/openssl/openssl/include -I/home/danny/.cache/node-gyp/20.11.0/deps/uv/include -I/home/danny/.cache/node-gyp/20.11.0/deps/zlib -I/home/danny/.cache/node-gyp/20.11.0/deps/v8/include -I../vendor/libcxx -I../vendor/pcre/include  -fPIC -pthread -Wall -Wextra -Wno-unused-parameter -m64 -O3 -fno-omit-frame-pointer -std=c++11 -fno-rtti -fno-exceptions -std=gnu++17 -MMD -MF ./Release/.deps/Release/obj.target/superstring_core/src/core/patch.o.d.raw   -c
8709 error   g++ -o Release/obj.target/superstring_core/src/core/point.o ../src/core/point.cc '-DNODE_GYP_MODULE_NAME=superstring_core' '-DUSING_UV_SHARED=1' '-DUSING_V8_SHARED=1' '-DV8_DEPRECATION_WARNINGS=1' '-D_GLIBCXX_USE_CXX11_ABI=1' '-D_LARGEFILE_SOURCE' '-D_FILE_OFFSET_BITS=64' '-D__STDC_FORMAT_MACROS' '-DOPENSSL_NO_PINSHARED' '-DOPENSSL_THREADS' '-DPCRE2_CODE_UNIT_WIDTH=16' -I/home/danny/.cache/node-gyp/20.11.0/include/node -I/home/danny/.cache/node-gyp/20.11.0/src -I/home/danny/.cache/node-gyp/20.11.0/deps/openssl/config -I/home/danny/.cache/node-gyp/20.11.0/deps/openssl/openssl/include -I/home/danny/.cache/node-gyp/20.11.0/deps/uv/include -I/home/danny/.cache/node-gyp/20.11.0/deps/zlib -I/home/danny/.cache/node-gyp/20.11.0/deps/v8/include -I../vendor/libcxx -I../vendor/pcre/include  -fPIC -pthread -Wall -Wextra -Wno-unused-parameter -m64 -O3 -fno-omit-frame-pointer -std=c++11 -fno-rtti -fno-exceptions -std=gnu++17 -MMD -MF ./Release/.deps/Release/obj.target/superstring_core/src/core/point.o.d.raw   -c
8709 error   g++ -o Release/obj.target/superstring_core/src/core/range.o ../src/core/range.cc '-DNODE_GYP_MODULE_NAME=superstring_core' '-DUSING_UV_SHARED=1' '-DUSING_V8_SHARED=1' '-DV8_DEPRECATION_WARNINGS=1' '-D_GLIBCXX_USE_CXX11_ABI=1' '-D_LARGEFILE_SOURCE' '-D_FILE_OFFSET_BITS=64' '-D__STDC_FORMAT_MACROS' '-DOPENSSL_NO_PINSHARED' '-DOPENSSL_THREADS' '-DPCRE2_CODE_UNIT_WIDTH=16' -I/home/danny/.cache/node-gyp/20.11.0/include/node -I/home/danny/.cache/node-gyp/20.11.0/src -I/home/danny/.cache/node-gyp/20.11.0/deps/openssl/config -I/home/danny/.cache/node-gyp/20.11.0/deps/openssl/openssl/include -I/home/danny/.cache/node-gyp/20.11.0/deps/uv/include -I/home/danny/.cache/node-gyp/20.11.0/deps/zlib -I/home/danny/.cache/node-gyp/20.11.0/deps/v8/include -I../vendor/libcxx -I../vendor/pcre/include  -fPIC -pthread -Wall -Wextra -Wno-unused-parameter -m64 -O3 -fno-omit-frame-pointer -std=c++11 -fno-rtti -fno-exceptions -std=gnu++17 -MMD -MF ./Release/.deps/Release/obj.target/superstring_core/src/core/range.o.d.raw   -c
8709 error   g++ -o Release/obj.target/superstring_core/src/core/regex.o ../src/core/regex.cc '-DNODE_GYP_MODULE_NAME=superstring_core' '-DUSING_UV_SHARED=1' '-DUSING_V8_SHARED=1' '-DV8_DEPRECATION_WARNINGS=1' '-D_GLIBCXX_USE_CXX11_ABI=1' '-D_LARGEFILE_SOURCE' '-D_FILE_OFFSET_BITS=64' '-D__STDC_FORMAT_MACROS' '-DOPENSSL_NO_PINSHARED' '-DOPENSSL_THREADS' '-DPCRE2_CODE_UNIT_WIDTH=16' -I/home/danny/.cache/node-gyp/20.11.0/include/node -I/home/danny/.cache/node-gyp/20.11.0/src -I/home/danny/.cache/node-gyp/20.11.0/deps/openssl/config -I/home/danny/.cache/node-gyp/20.11.0/deps/openssl/openssl/include -I/home/danny/.cache/node-gyp/20.11.0/deps/uv/include -I/home/danny/.cache/node-gyp/20.11.0/deps/zlib -I/home/danny/.cache/node-gyp/20.11.0/deps/v8/include -I../vendor/libcxx -I../vendor/pcre/include  -fPIC -pthread -Wall -Wextra -Wno-unused-parameter -m64 -O3 -fno-omit-frame-pointer -std=c++11 -fno-rtti -fno-exceptions -std=gnu++17 -MMD -MF ./Release/.deps/Release/obj.target/superstring_core/src/core/regex.o.d.raw   -c
8709 error   g++ -o Release/obj.target/superstring_core/src/core/text.o ../src/core/text.cc '-DNODE_GYP_MODULE_NAME=superstring_core' '-DUSING_UV_SHARED=1' '-DUSING_V8_SHARED=1' '-DV8_DEPRECATION_WARNINGS=1' '-D_GLIBCXX_USE_CXX11_ABI=1' '-D_LARGEFILE_SOURCE' '-D_FILE_OFFSET_BITS=64' '-D__STDC_FORMAT_MACROS' '-DOPENSSL_NO_PINSHARED' '-DOPENSSL_THREADS' '-DPCRE2_CODE_UNIT_WIDTH=16' -I/home/danny/.cache/node-gyp/20.11.0/include/node -I/home/danny/.cache/node-gyp/20.11.0/src -I/home/danny/.cache/node-gyp/20.11.0/deps/openssl/config -I/home/danny/.cache/node-gyp/20.11.0/deps/openssl/openssl/include -I/home/danny/.cache/node-gyp/20.11.0/deps/uv/include -I/home/danny/.cache/node-gyp/20.11.0/deps/zlib -I/home/danny/.cache/node-gyp/20.11.0/deps/v8/include -I../vendor/libcxx -I../vendor/pcre/include  -fPIC -pthread -Wall -Wextra -Wno-unused-parameter -m64 -O3 -fno-omit-frame-pointer -std=c++11 -fno-rtti -fno-exceptions -std=gnu++17 -MMD -MF ./Release/.deps/Release/obj.target/superstring_core/src/core/text.o.d.raw   -c
8709 error   g++ -o Release/obj.target/superstring_core/src/core/text-buffer.o ../src/core/text-buffer.cc '-DNODE_GYP_MODULE_NAME=superstring_core' '-DUSING_UV_SHARED=1' '-DUSING_V8_SHARED=1' '-DV8_DEPRECATION_WARNINGS=1' '-D_GLIBCXX_USE_CXX11_ABI=1' '-D_LARGEFILE_SOURCE' '-D_FILE_OFFSET_BITS=64' '-D__STDC_FORMAT_MACROS' '-DOPENSSL_NO_PINSHARED' '-DOPENSSL_THREADS' '-DPCRE2_CODE_UNIT_WIDTH=16' -I/home/danny/.cache/node-gyp/20.11.0/include/node -I/home/danny/.cache/node-gyp/20.11.0/src -I/home/danny/.cache/node-gyp/20.11.0/deps/openssl/config -I/home/danny/.cache/node-gyp/20.11.0/deps/openssl/openssl/include -I/home/danny/.cache/node-gyp/20.11.0/deps/uv/include -I/home/danny/.cache/node-gyp/20.11.0/deps/zlib -I/home/danny/.cache/node-gyp/20.11.0/deps/v8/include -I../vendor/libcxx -I../vendor/pcre/include  -fPIC -pthread -Wall -Wextra -Wno-unused-parameter -m64 -O3 -fno-omit-frame-pointer -std=c++11 -fno-rtti -fno-exceptions -std=gnu++17 -MMD -MF ./Release/.deps/Release/obj.target/superstring_core/src/core/text-buffer.o.d.raw   -c
8709 error   g++ -o Release/obj.target/superstring_core/src/core/text-slice.o ../src/core/text-slice.cc '-DNODE_GYP_MODULE_NAME=superstring_core' '-DUSING_UV_SHARED=1' '-DUSING_V8_SHARED=1' '-DV8_DEPRECATION_WARNINGS=1' '-D_GLIBCXX_USE_CXX11_ABI=1' '-D_LARGEFILE_SOURCE' '-D_FILE_OFFSET_BITS=64' '-D__STDC_FORMAT_MACROS' '-DOPENSSL_NO_PINSHARED' '-DOPENSSL_THREADS' '-DPCRE2_CODE_UNIT_WIDTH=16' -I/home/danny/.cache/node-gyp/20.11.0/include/node -I/home/danny/.cache/node-gyp/20.11.0/src -I/home/danny/.cache/node-gyp/20.11.0/deps/openssl/config -I/home/danny/.cache/node-gyp/20.11.0/deps/openssl/openssl/include -I/home/danny/.cache/node-gyp/20.11.0/deps/uv/include -I/home/danny/.cache/node-gyp/20.11.0/deps/zlib -I/home/danny/.cache/node-gyp/20.11.0/deps/v8/include -I../vendor/libcxx -I../vendor/pcre/include  -fPIC -pthread -Wall -Wextra -Wno-unused-parameter -m64 -O3 -fno-omit-frame-pointer -std=c++11 -fno-rtti -fno-exceptions -std=gnu++17 -MMD -MF ./Release/.deps/Release/obj.target/superstring_core/src/core/text-slice.o.d.raw   -c
8709 error   g++ -o Release/obj.target/superstring_core/src/core/text-diff.o ../src/core/text-diff.cc '-DNODE_GYP_MODULE_NAME=superstring_core' '-DUSING_UV_SHARED=1' '-DUSING_V8_SHARED=1' '-DV8_DEPRECATION_WARNINGS=1' '-D_GLIBCXX_USE_CXX11_ABI=1' '-D_LARGEFILE_SOURCE' '-D_FILE_OFFSET_BITS=64' '-D__STDC_FORMAT_MACROS' '-DOPENSSL_NO_PINSHARED' '-DOPENSSL_THREADS' '-DPCRE2_CODE_UNIT_WIDTH=16' -I/home/danny/.cache/node-gyp/20.11.0/include/node -I/home/danny/.cache/node-gyp/20.11.0/src -I/home/danny/.cache/node-gyp/20.11.0/deps/openssl/config -I/home/danny/.cache/node-gyp/20.11.0/deps/openssl/openssl/include -I/home/danny/.cache/node-gyp/20.11.0/deps/uv/include -I/home/danny/.cache/node-gyp/20.11.0/deps/zlib -I/home/danny/.cache/node-gyp/20.11.0/deps/v8/include -I../vendor/libcxx -I../vendor/pcre/include  -fPIC -pthread -Wall -Wextra -Wno-unused-parameter -m64 -O3 -fno-omit-frame-pointer -std=c++11 -fno-rtti -fno-exceptions -std=gnu++17 -MMD -MF ./Release/.deps/Release/obj.target/superstring_core/src/core/text-diff.o.d.raw   -c
8709 error   g++ -o Release/obj.target/superstring_core/src/core/libmba-diff.o ../src/core/libmba-diff.cc '-DNODE_GYP_MODULE_NAME=superstring_core' '-DUSING_UV_SHARED=1' '-DUSING_V8_SHARED=1' '-DV8_DEPRECATION_WARNINGS=1' '-D_GLIBCXX_USE_CXX11_ABI=1' '-D_LARGEFILE_SOURCE' '-D_FILE_OFFSET_BITS=64' '-D__STDC_FORMAT_MACROS' '-DOPENSSL_NO_PINSHARED' '-DOPENSSL_THREADS' '-DPCRE2_CODE_UNIT_WIDTH=16' -I/home/danny/.cache/node-gyp/20.11.0/include/node -I/home/danny/.cache/node-gyp/20.11.0/src -I/home/danny/.cache/node-gyp/20.11.0/deps/openssl/config -I/home/danny/.cache/node-gyp/20.11.0/deps/openssl/openssl/include -I/home/danny/.cache/node-gyp/20.11.0/deps/uv/include -I/home/danny/.cache/node-gyp/20.11.0/deps/zlib -I/home/danny/.cache/node-gyp/20.11.0/deps/v8/include -I../vendor/libcxx -I../vendor/pcre/include  -fPIC -pthread -Wall -Wextra -Wno-unused-parameter -m64 -O3 -fno-omit-frame-pointer -std=c++11 -fno-rtti -fno-exceptions -std=gnu++17 -MMD -MF ./Release/.deps/Release/obj.target/superstring_core/src/core/libmba-diff.o.d.raw   -c
8709 error   rm -f Release/obj.target/superstring_core.a && ar crs Release/obj.target/superstring_core.a Release/obj.target/superstring_core/src/core/encoding-conversion.o Release/obj.target/superstring_core/src/core/marker-index.o Release/obj.target/superstring_core/src/core/patch.o Release/obj.target/superstring_core/src/core/point.o Release/obj.target/superstring_core/src/core/range.o Release/obj.target/superstring_core/src/core/regex.o Release/obj.target/superstring_core/src/core/text.o Release/obj.target/superstring_core/src/core/text-buffer.o Release/obj.target/superstring_core/src/core/text-slice.o Release/obj.target/superstring_core/src/core/text-diff.o Release/obj.target/superstring_core/src/core/libmba-diff.o
8709 error   ln -f "Release/obj.target/superstring_core.a" "Release/superstring_core.a" 2>/dev/null || (rm -rf "Release/superstring_core.a" && cp -af "Release/obj.target/superstring_core.a" "Release/superstring_core.a")
8709 error   cc -o Release/obj.target/pcre/vendor/pcre/pcre2_chartables.o ../vendor/pcre/pcre2_chartables.c '-DNODE_GYP_MODULE_NAME=pcre' '-DUSING_UV_SHARED=1' '-DUSING_V8_SHARED=1' '-DV8_DEPRECATION_WARNINGS=1' '-D_GLIBCXX_USE_CXX11_ABI=1' '-D_LARGEFILE_SOURCE' '-D_FILE_OFFSET_BITS=64' '-D__STDC_FORMAT_MACROS' '-DOPENSSL_NO_PINSHARED' '-DOPENSSL_THREADS' '-DHAVE_CONFIG_H' '-DPCRE2_CODE_UNIT_WIDTH=16' '-DSUPPORT_JIT' -I/home/danny/.cache/node-gyp/20.11.0/include/node -I/home/danny/.cache/node-gyp/20.11.0/src -I/home/danny/.cache/node-gyp/20.11.0/deps/openssl/config -I/home/danny/.cache/node-gyp/20.11.0/deps/openssl/openssl/include -I/home/danny/.cache/node-gyp/20.11.0/deps/uv/include -I/home/danny/.cache/node-gyp/20.11.0/deps/zlib -I/home/danny/.cache/node-gyp/20.11.0/deps/v8/include -I../vendor/pcre/include -I../vendor/pcre/10.23/src  -fPIC -pthread -Wall -Wextra -Wno-unused-parameter -Wno-unused-function -m64 -O3 -fno-omit-frame-pointer  -MMD -MF ./Release/.deps/Release/obj.target/pcre/vendor/pcre/pcre2_chartables.o.d.raw   -c
8709 error   cc -o Release/obj.target/pcre/vendor/pcre/10.23/src/pcre2_auto_possess.o ../vendor/pcre/10.23/src/pcre2_auto_possess.c '-DNODE_GYP_MODULE_NAME=pcre' '-DUSING_UV_SHARED=1' '-DUSING_V8_SHARED=1' '-DV8_DEPRECATION_WARNINGS=1' '-D_GLIBCXX_USE_CXX11_ABI=1' '-D_LARGEFILE_SOURCE' '-D_FILE_OFFSET_BITS=64' '-D__STDC_FORMAT_MACROS' '-DOPENSSL_NO_PINSHARED' '-DOPENSSL_THREADS' '-DHAVE_CONFIG_H' '-DPCRE2_CODE_UNIT_WIDTH=16' '-DSUPPORT_JIT' -I/home/danny/.cache/node-gyp/20.11.0/include/node -I/home/danny/.cache/node-gyp/20.11.0/src -I/home/danny/.cache/node-gyp/20.11.0/deps/openssl/config -I/home/danny/.cache/node-gyp/20.11.0/deps/openssl/openssl/include -I/home/danny/.cache/node-gyp/20.11.0/deps/uv/include -I/home/danny/.cache/node-gyp/20.11.0/deps/zlib -I/home/danny/.cache/node-gyp/20.11.0/deps/v8/include -I../vendor/pcre/include -I../vendor/pcre/10.23/src  -fPIC -pthread -Wall -Wextra -Wno-unused-parameter -Wno-unused-function -m64 -O3 -fno-omit-frame-pointer  -MMD -MF ./Release/.deps/Release/obj.target/pcre/vendor/pcre/10.23/src/pcre2_auto_possess.o.d.raw   -c
8709 error   cc -o Release/obj.target/pcre/vendor/pcre/10.23/src/pcre2_compile.o ../vendor/pcre/10.23/src/pcre2_compile.c '-DNODE_GYP_MODULE_NAME=pcre' '-DUSING_UV_SHARED=1' '-DUSING_V8_SHARED=1' '-DV8_DEPRECATION_WARNINGS=1' '-D_GLIBCXX_USE_CXX11_ABI=1' '-D_LARGEFILE_SOURCE' '-D_FILE_OFFSET_BITS=64' '-D__STDC_FORMAT_MACROS' '-DOPENSSL_NO_PINSHARED' '-DOPENSSL_THREADS' '-DHAVE_CONFIG_H' '-DPCRE2_CODE_UNIT_WIDTH=16' '-DSUPPORT_JIT' -I/home/danny/.cache/node-gyp/20.11.0/include/node -I/home/danny/.cache/node-gyp/20.11.0/src -I/home/danny/.cache/node-gyp/20.11.0/deps/openssl/config -I/home/danny/.cache/node-gyp/20.11.0/deps/openssl/openssl/include -I/home/danny/.cache/node-gyp/20.11.0/deps/uv/include -I/home/danny/.cache/node-gyp/20.11.0/deps/zlib -I/home/danny/.cache/node-gyp/20.11.0/deps/v8/include -I../vendor/pcre/include -I../vendor/pcre/10.23/src  -fPIC -pthread -Wall -Wextra -Wno-unused-parameter -Wno-unused-function -m64 -O3 -fno-omit-frame-pointer  -MMD -MF ./Release/.deps/Release/obj.target/pcre/vendor/pcre/10.23/src/pcre2_compile.o.d.raw   -c
8709 error   cc -o Release/obj.target/pcre/vendor/pcre/10.23/src/pcre2_config.o ../vendor/pcre/10.23/src/pcre2_config.c '-DNODE_GYP_MODULE_NAME=pcre' '-DUSING_UV_SHARED=1' '-DUSING_V8_SHARED=1' '-DV8_DEPRECATION_WARNINGS=1' '-D_GLIBCXX_USE_CXX11_ABI=1' '-D_LARGEFILE_SOURCE' '-D_FILE_OFFSET_BITS=64' '-D__STDC_FORMAT_MACROS' '-DOPENSSL_NO_PINSHARED' '-DOPENSSL_THREADS' '-DHAVE_CONFIG_H' '-DPCRE2_CODE_UNIT_WIDTH=16' '-DSUPPORT_JIT' -I/home/danny/.cache/node-gyp/20.11.0/include/node -I/home/danny/.cache/node-gyp/20.11.0/src -I/home/danny/.cache/node-gyp/20.11.0/deps/openssl/config -I/home/danny/.cache/node-gyp/20.11.0/deps/openssl/openssl/include -I/home/danny/.cache/node-gyp/20.11.0/deps/uv/include -I/home/danny/.cache/node-gyp/20.11.0/deps/zlib -I/home/danny/.cache/node-gyp/20.11.0/deps/v8/include -I../vendor/pcre/include -I../vendor/pcre/10.23/src  -fPIC -pthread -Wall -Wextra -Wno-unused-parameter -Wno-unused-function -m64 -O3 -fno-omit-frame-pointer  -MMD -MF ./Release/.deps/Release/obj.target/pcre/vendor/pcre/10.23/src/pcre2_config.o.d.raw   -c
8709 error   cc -o Release/obj.target/pcre/vendor/pcre/10.23/src/pcre2_context.o ../vendor/pcre/10.23/src/pcre2_context.c '-DNODE_GYP_MODULE_NAME=pcre' '-DUSING_UV_SHARED=1' '-DUSING_V8_SHARED=1' '-DV8_DEPRECATION_WARNINGS=1' '-D_GLIBCXX_USE_CXX11_ABI=1' '-D_LARGEFILE_SOURCE' '-D_FILE_OFFSET_BITS=64' '-D__STDC_FORMAT_MACROS' '-DOPENSSL_NO_PINSHARED' '-DOPENSSL_THREADS' '-DHAVE_CONFIG_H' '-DPCRE2_CODE_UNIT_WIDTH=16' '-DSUPPORT_JIT' -I/home/danny/.cache/node-gyp/20.11.0/include/node -I/home/danny/.cache/node-gyp/20.11.0/src -I/home/danny/.cache/node-gyp/20.11.0/deps/openssl/config -I/home/danny/.cache/node-gyp/20.11.0/deps/openssl/openssl/include -I/home/danny/.cache/node-gyp/20.11.0/deps/uv/include -I/home/danny/.cache/node-gyp/20.11.0/deps/zlib -I/home/danny/.cache/node-gyp/20.11.0/deps/v8/include -I../vendor/pcre/include -I../vendor/pcre/10.23/src  -fPIC -pthread -Wall -Wextra -Wno-unused-parameter -Wno-unused-function -m64 -O3 -fno-omit-frame-pointer  -MMD -MF ./Release/.deps/Release/obj.target/pcre/vendor/pcre/10.23/src/pcre2_context.o.d.raw   -c
8709 error   cc -o Release/obj.target/pcre/vendor/pcre/10.23/src/pcre2_dfa_match.o ../vendor/pcre/10.23/src/pcre2_dfa_match.c '-DNODE_GYP_MODULE_NAME=pcre' '-DUSING_UV_SHARED=1' '-DUSING_V8_SHARED=1' '-DV8_DEPRECATION_WARNINGS=1' '-D_GLIBCXX_USE_CXX11_ABI=1' '-D_LARGEFILE_SOURCE' '-D_FILE_OFFSET_BITS=64' '-D__STDC_FORMAT_MACROS' '-DOPENSSL_NO_PINSHARED' '-DOPENSSL_THREADS' '-DHAVE_CONFIG_H' '-DPCRE2_CODE_UNIT_WIDTH=16' '-DSUPPORT_JIT' -I/home/danny/.cache/node-gyp/20.11.0/include/node -I/home/danny/.cache/node-gyp/20.11.0/src -I/home/danny/.cache/node-gyp/20.11.0/deps/openssl/config -I/home/danny/.cache/node-gyp/20.11.0/deps/openssl/openssl/include -I/home/danny/.cache/node-gyp/20.11.0/deps/uv/include -I/home/danny/.cache/node-gyp/20.11.0/deps/zlib -I/home/danny/.cache/node-gyp/20.11.0/deps/v8/include -I../vendor/pcre/include -I../vendor/pcre/10.23/src  -fPIC -pthread -Wall -Wextra -Wno-unused-parameter -Wno-unused-function -m64 -O3 -fno-omit-frame-pointer  -MMD -MF ./Release/.deps/Release/obj.target/pcre/vendor/pcre/10.23/src/pcre2_dfa_match.o.d.raw   -c
8709 error   cc -o Release/obj.target/pcre/vendor/pcre/10.23/src/pcre2_error.o ../vendor/pcre/10.23/src/pcre2_error.c '-DNODE_GYP_MODULE_NAME=pcre' '-DUSING_UV_SHARED=1' '-DUSING_V8_SHARED=1' '-DV8_DEPRECATION_WARNINGS=1' '-D_GLIBCXX_USE_CXX11_ABI=1' '-D_LARGEFILE_SOURCE' '-D_FILE_OFFSET_BITS=64' '-D__STDC_FORMAT_MACROS' '-DOPENSSL_NO_PINSHARED' '-DOPENSSL_THREADS' '-DHAVE_CONFIG_H' '-DPCRE2_CODE_UNIT_WIDTH=16' '-DSUPPORT_JIT' -I/home/danny/.cache/node-gyp/20.11.0/include/node -I/home/danny/.cache/node-gyp/20.11.0/src -I/home/danny/.cache/node-gyp/20.11.0/deps/openssl/config -I/home/danny/.cache/node-gyp/20.11.0/deps/openssl/openssl/include -I/home/danny/.cache/node-gyp/20.11.0/deps/uv/include -I/home/danny/.cache/node-gyp/20.11.0/deps/zlib -I/home/danny/.cache/node-gyp/20.11.0/deps/v8/include -I../vendor/pcre/include -I../vendor/pcre/10.23/src  -fPIC -pthread -Wall -Wextra -Wno-unused-parameter -Wno-unused-function -m64 -O3 -fno-omit-frame-pointer  -MMD -MF ./Release/.deps/Release/obj.target/pcre/vendor/pcre/10.23/src/pcre2_error.o.d.raw   -c
8709 error   cc -o Release/obj.target/pcre/vendor/pcre/10.23/src/pcre2_find_bracket.o ../vendor/pcre/10.23/src/pcre2_find_bracket.c '-DNODE_GYP_MODULE_NAME=pcre' '-DUSING_UV_SHARED=1' '-DUSING_V8_SHARED=1' '-DV8_DEPRECATION_WARNINGS=1' '-D_GLIBCXX_USE_CXX11_ABI=1' '-D_LARGEFILE_SOURCE' '-D_FILE_OFFSET_BITS=64' '-D__STDC_FORMAT_MACROS' '-DOPENSSL_NO_PINSHARED' '-DOPENSSL_THREADS' '-DHAVE_CONFIG_H' '-DPCRE2_CODE_UNIT_WIDTH=16' '-DSUPPORT_JIT' -I/home/danny/.cache/node-gyp/20.11.0/include/node -I/home/danny/.cache/node-gyp/20.11.0/src -I/home/danny/.cache/node-gyp/20.11.0/deps/openssl/config -I/home/danny/.cache/node-gyp/20.11.0/deps/openssl/openssl/include -I/home/danny/.cache/node-gyp/20.11.0/deps/uv/include -I/home/danny/.cache/node-gyp/20.11.0/deps/zlib -I/home/danny/.cache/node-gyp/20.11.0/deps/v8/include -I../vendor/pcre/include -I../vendor/pcre/10.23/src  -fPIC -pthread -Wall -Wextra -Wno-unused-parameter -Wno-unused-function -m64 -O3 -fno-omit-frame-pointer  -MMD -MF ./Release/.deps/Release/obj.target/pcre/vendor/pcre/10.23/src/pcre2_find_bracket.o.d.raw   -c
8709 error   cc -o Release/obj.target/pcre/vendor/pcre/10.23/src/pcre2_jit_compile.o ../vendor/pcre/10.23/src/pcre2_jit_compile.c '-DNODE_GYP_MODULE_NAME=pcre' '-DUSING_UV_SHARED=1' '-DUSING_V8_SHARED=1' '-DV8_DEPRECATION_WARNINGS=1' '-D_GLIBCXX_USE_CXX11_ABI=1' '-D_LARGEFILE_SOURCE' '-D_FILE_OFFSET_BITS=64' '-D__STDC_FORMAT_MACROS' '-DOPENSSL_NO_PINSHARED' '-DOPENSSL_THREADS' '-DHAVE_CONFIG_H' '-DPCRE2_CODE_UNIT_WIDTH=16' '-DSUPPORT_JIT' -I/home/danny/.cache/node-gyp/20.11.0/include/node -I/home/danny/.cache/node-gyp/20.11.0/src -I/home/danny/.cache/node-gyp/20.11.0/deps/openssl/config -I/home/danny/.cache/node-gyp/20.11.0/deps/openssl/openssl/include -I/home/danny/.cache/node-gyp/20.11.0/deps/uv/include -I/home/danny/.cache/node-gyp/20.11.0/deps/zlib -I/home/danny/.cache/node-gyp/20.11.0/deps/v8/include -I../vendor/pcre/include -I../vendor/pcre/10.23/src  -fPIC -pthread -Wall -Wextra -Wno-unused-parameter -Wno-unused-function -m64 -O3 -fno-omit-frame-pointer  -MMD -MF ./Release/.deps/Release/obj.target/pcre/vendor/pcre/10.23/src/pcre2_jit_compile.o.d.raw   -c
8709 error   cc -o Release/obj.target/pcre/vendor/pcre/10.23/src/pcre2_maketables.o ../vendor/pcre/10.23/src/pcre2_maketables.c '-DNODE_GYP_MODULE_NAME=pcre' '-DUSING_UV_SHARED=1' '-DUSING_V8_SHARED=1' '-DV8_DEPRECATION_WARNINGS=1' '-D_GLIBCXX_USE_CXX11_ABI=1' '-D_LARGEFILE_SOURCE' '-D_FILE_OFFSET_BITS=64' '-D__STDC_FORMAT_MACROS' '-DOPENSSL_NO_PINSHARED' '-DOPENSSL_THREADS' '-DHAVE_CONFIG_H' '-DPCRE2_CODE_UNIT_WIDTH=16' '-DSUPPORT_JIT' -I/home/danny/.cache/node-gyp/20.11.0/include/node -I/home/danny/.cache/node-gyp/20.11.0/src -I/home/danny/.cache/node-gyp/20.11.0/deps/openssl/config -I/home/danny/.cache/node-gyp/20.11.0/deps/openssl/openssl/include -I/home/danny/.cache/node-gyp/20.11.0/deps/uv/include -I/home/danny/.cache/node-gyp/20.11.0/deps/zlib -I/home/danny/.cache/node-gyp/20.11.0/deps/v8/include -I../vendor/pcre/include -I../vendor/pcre/10.23/src  -fPIC -pthread -Wall -Wextra -Wno-unused-parameter -Wno-unused-function -m64 -O3 -fno-omit-frame-pointer  -MMD -MF ./Release/.deps/Release/obj.target/pcre/vendor/pcre/10.23/src/pcre2_maketables.o.d.raw   -c
8709 error   cc -o Release/obj.target/pcre/vendor/pcre/10.23/src/pcre2_match.o ../vendor/pcre/10.23/src/pcre2_match.c '-DNODE_GYP_MODULE_NAME=pcre' '-DUSING_UV_SHARED=1' '-DUSING_V8_SHARED=1' '-DV8_DEPRECATION_WARNINGS=1' '-D_GLIBCXX_USE_CXX11_ABI=1' '-D_LARGEFILE_SOURCE' '-D_FILE_OFFSET_BITS=64' '-D__STDC_FORMAT_MACROS' '-DOPENSSL_NO_PINSHARED' '-DOPENSSL_THREADS' '-DHAVE_CONFIG_H' '-DPCRE2_CODE_UNIT_WIDTH=16' '-DSUPPORT_JIT' -I/home/danny/.cache/node-gyp/20.11.0/include/node -I/home/danny/.cache/node-gyp/20.11.0/src -I/home/danny/.cache/node-gyp/20.11.0/deps/openssl/config -I/home/danny/.cache/node-gyp/20.11.0/deps/openssl/openssl/include -I/home/danny/.cache/node-gyp/20.11.0/deps/uv/include -I/home/danny/.cache/node-gyp/20.11.0/deps/zlib -I/home/danny/.cache/node-gyp/20.11.0/deps/v8/include -I../vendor/pcre/include -I../vendor/pcre/10.23/src  -fPIC -pthread -Wall -Wextra -Wno-unused-parameter -Wno-unused-function -m64 -O3 -fno-omit-frame-pointer  -MMD -MF ./Release/.deps/Release/obj.target/pcre/vendor/pcre/10.23/src/pcre2_match.o.d.raw   -c
8709 error   cc -o Release/obj.target/pcre/vendor/pcre/10.23/src/pcre2_match_data.o ../vendor/pcre/10.23/src/pcre2_match_data.c '-DNODE_GYP_MODULE_NAME=pcre' '-DUSING_UV_SHARED=1' '-DUSING_V8_SHARED=1' '-DV8_DEPRECATION_WARNINGS=1' '-D_GLIBCXX_USE_CXX11_ABI=1' '-D_LARGEFILE_SOURCE' '-D_FILE_OFFSET_BITS=64' '-D__STDC_FORMAT_MACROS' '-DOPENSSL_NO_PINSHARED' '-DOPENSSL_THREADS' '-DHAVE_CONFIG_H' '-DPCRE2_CODE_UNIT_WIDTH=16' '-DSUPPORT_JIT' -I/home/danny/.cache/node-gyp/20.11.0/include/node -I/home/danny/.cache/node-gyp/20.11.0/src -I/home/danny/.cache/node-gyp/20.11.0/deps/openssl/config -I/home/danny/.cache/node-gyp/20.11.0/deps/openssl/openssl/include -I/home/danny/.cache/node-gyp/20.11.0/deps/uv/include -I/home/danny/.cache/node-gyp/20.11.0/deps/zlib -I/home/danny/.cache/node-gyp/20.11.0/deps/v8/include -I../vendor/pcre/include -I../vendor/pcre/10.23/src  -fPIC -pthread -Wall -Wextra -Wno-unused-parameter -Wno-unused-function -m64 -O3 -fno-omit-frame-pointer  -MMD -MF ./Release/.deps/Release/obj.target/pcre/vendor/pcre/10.23/src/pcre2_match_data.o.d.raw   -c
8709 error   cc -o Release/obj.target/pcre/vendor/pcre/10.23/src/pcre2_newline.o ../vendor/pcre/10.23/src/pcre2_newline.c '-DNODE_GYP_MODULE_NAME=pcre' '-DUSING_UV_SHARED=1' '-DUSING_V8_SHARED=1' '-DV8_DEPRECATION_WARNINGS=1' '-D_GLIBCXX_USE_CXX11_ABI=1' '-D_LARGEFILE_SOURCE' '-D_FILE_OFFSET_BITS=64' '-D__STDC_FORMAT_MACROS' '-DOPENSSL_NO_PINSHARED' '-DOPENSSL_THREADS' '-DHAVE_CONFIG_H' '-DPCRE2_CODE_UNIT_WIDTH=16' '-DSUPPORT_JIT' -I/home/danny/.cache/node-gyp/20.11.0/include/node -I/home/danny/.cache/node-gyp/20.11.0/src -I/home/danny/.cache/node-gyp/20.11.0/deps/openssl/config -I/home/danny/.cache/node-gyp/20.11.0/deps/openssl/openssl/include -I/home/danny/.cache/node-gyp/20.11.0/deps/uv/include -I/home/danny/.cache/node-gyp/20.11.0/deps/zlib -I/home/danny/.cache/node-gyp/20.11.0/deps/v8/include -I../vendor/pcre/include -I../vendor/pcre/10.23/src  -fPIC -pthread -Wall -Wextra -Wno-unused-parameter -Wno-unused-function -m64 -O3 -fno-omit-frame-pointer  -MMD -MF ./Release/.deps/Release/obj.target/pcre/vendor/pcre/10.23/src/pcre2_newline.o.d.raw   -c
8709 error   cc -o Release/obj.target/pcre/vendor/pcre/10.23/src/pcre2_ord2utf.o ../vendor/pcre/10.23/src/pcre2_ord2utf.c '-DNODE_GYP_MODULE_NAME=pcre' '-DUSING_UV_SHARED=1' '-DUSING_V8_SHARED=1' '-DV8_DEPRECATION_WARNINGS=1' '-D_GLIBCXX_USE_CXX11_ABI=1' '-D_LARGEFILE_SOURCE' '-D_FILE_OFFSET_BITS=64' '-D__STDC_FORMAT_MACROS' '-DOPENSSL_NO_PINSHARED' '-DOPENSSL_THREADS' '-DHAVE_CONFIG_H' '-DPCRE2_CODE_UNIT_WIDTH=16' '-DSUPPORT_JIT' -I/home/danny/.cache/node-gyp/20.11.0/include/node -I/home/danny/.cache/node-gyp/20.11.0/src -I/home/danny/.cache/node-gyp/20.11.0/deps/openssl/config -I/home/danny/.cache/node-gyp/20.11.0/deps/openssl/openssl/include -I/home/danny/.cache/node-gyp/20.11.0/deps/uv/include -I/home/danny/.cache/node-gyp/20.11.0/deps/zlib -I/home/danny/.cache/node-gyp/20.11.0/deps/v8/include -I../vendor/pcre/include -I../vendor/pcre/10.23/src  -fPIC -pthread -Wall -Wextra -Wno-unused-parameter -Wno-unused-function -m64 -O3 -fno-omit-frame-pointer  -MMD -MF ./Release/.deps/Release/obj.target/pcre/vendor/pcre/10.23/src/pcre2_ord2utf.o.d.raw   -c
8709 error   cc -o Release/obj.target/pcre/vendor/pcre/10.23/src/pcre2_pattern_info.o ../vendor/pcre/10.23/src/pcre2_pattern_info.c '-DNODE_GYP_MODULE_NAME=pcre' '-DUSING_UV_SHARED=1' '-DUSING_V8_SHARED=1' '-DV8_DEPRECATION_WARNINGS=1' '-D_GLIBCXX_USE_CXX11_ABI=1' '-D_LARGEFILE_SOURCE' '-D_FILE_OFFSET_BITS=64' '-D__STDC_FORMAT_MACROS' '-DOPENSSL_NO_PINSHARED' '-DOPENSSL_THREADS' '-DHAVE_CONFIG_H' '-DPCRE2_CODE_UNIT_WIDTH=16' '-DSUPPORT_JIT' -I/home/danny/.cache/node-gyp/20.11.0/include/node -I/home/danny/.cache/node-gyp/20.11.0/src -I/home/danny/.cache/node-gyp/20.11.0/deps/openssl/config -I/home/danny/.cache/node-gyp/20.11.0/deps/openssl/openssl/include -I/home/danny/.cache/node-gyp/20.11.0/deps/uv/include -I/home/danny/.cache/node-gyp/20.11.0/deps/zlib -I/home/danny/.cache/node-gyp/20.11.0/deps/v8/include -I../vendor/pcre/include -I../vendor/pcre/10.23/src  -fPIC -pthread -Wall -Wextra -Wno-unused-parameter -Wno-unused-function -m64 -O3 -fno-omit-frame-pointer  -MMD -MF ./Release/.deps/Release/obj.target/pcre/vendor/pcre/10.23/src/pcre2_pattern_info.o.d.raw   -c
8709 error   cc -o Release/obj.target/pcre/vendor/pcre/10.23/src/pcre2_serialize.o ../vendor/pcre/10.23/src/pcre2_serialize.c '-DNODE_GYP_MODULE_NAME=pcre' '-DUSING_UV_SHARED=1' '-DUSING_V8_SHARED=1' '-DV8_DEPRECATION_WARNINGS=1' '-D_GLIBCXX_USE_CXX11_ABI=1' '-D_LARGEFILE_SOURCE' '-D_FILE_OFFSET_BITS=64' '-D__STDC_FORMAT_MACROS' '-DOPENSSL_NO_PINSHARED' '-DOPENSSL_THREADS' '-DHAVE_CONFIG_H' '-DPCRE2_CODE_UNIT_WIDTH=16' '-DSUPPORT_JIT' -I/home/danny/.cache/node-gyp/20.11.0/include/node -I/home/danny/.cache/node-gyp/20.11.0/src -I/home/danny/.cache/node-gyp/20.11.0/deps/openssl/config -I/home/danny/.cache/node-gyp/20.11.0/deps/openssl/openssl/include -I/home/danny/.cache/node-gyp/20.11.0/deps/uv/include -I/home/danny/.cache/node-gyp/20.11.0/deps/zlib -I/home/danny/.cache/node-gyp/20.11.0/deps/v8/include -I../vendor/pcre/include -I../vendor/pcre/10.23/src  -fPIC -pthread -Wall -Wextra -Wno-unused-parameter -Wno-unused-function -m64 -O3 -fno-omit-frame-pointer  -MMD -MF ./Release/.deps/Release/obj.target/pcre/vendor/pcre/10.23/src/pcre2_serialize.o.d.raw   -c
8709 error   cc -o Release/obj.target/pcre/vendor/pcre/10.23/src/pcre2_string_utils.o ../vendor/pcre/10.23/src/pcre2_string_utils.c '-DNODE_GYP_MODULE_NAME=pcre' '-DUSING_UV_SHARED=1' '-DUSING_V8_SHARED=1' '-DV8_DEPRECATION_WARNINGS=1' '-D_GLIBCXX_USE_CXX11_ABI=1' '-D_LARGEFILE_SOURCE' '-D_FILE_OFFSET_BITS=64' '-D__STDC_FORMAT_MACROS' '-DOPENSSL_NO_PINSHARED' '-DOPENSSL_THREADS' '-DHAVE_CONFIG_H' '-DPCRE2_CODE_UNIT_WIDTH=16' '-DSUPPORT_JIT' -I/home/danny/.cache/node-gyp/20.11.0/include/node -I/home/danny/.cache/node-gyp/20.11.0/src -I/home/danny/.cache/node-gyp/20.11.0/deps/openssl/config -I/home/danny/.cache/node-gyp/20.11.0/deps/openssl/openssl/include -I/home/danny/.cache/node-gyp/20.11.0/deps/uv/include -I/home/danny/.cache/node-gyp/20.11.0/deps/zlib -I/home/danny/.cache/node-gyp/20.11.0/deps/v8/include -I../vendor/pcre/include -I../vendor/pcre/10.23/src  -fPIC -pthread -Wall -Wextra -Wno-unused-parameter -Wno-unused-function -m64 -O3 -fno-omit-frame-pointer  -MMD -MF ./Release/.deps/Release/obj.target/pcre/vendor/pcre/10.23/src/pcre2_string_utils.o.d.raw   -c
8709 error   cc -o Release/obj.target/pcre/vendor/pcre/10.23/src/pcre2_study.o ../vendor/pcre/10.23/src/pcre2_study.c '-DNODE_GYP_MODULE_NAME=pcre' '-DUSING_UV_SHARED=1' '-DUSING_V8_SHARED=1' '-DV8_DEPRECATION_WARNINGS=1' '-D_GLIBCXX_USE_CXX11_ABI=1' '-D_LARGEFILE_SOURCE' '-D_FILE_OFFSET_BITS=64' '-D__STDC_FORMAT_MACROS' '-DOPENSSL_NO_PINSHARED' '-DOPENSSL_THREADS' '-DHAVE_CONFIG_H' '-DPCRE2_CODE_UNIT_WIDTH=16' '-DSUPPORT_JIT' -I/home/danny/.cache/node-gyp/20.11.0/include/node -I/home/danny/.cache/node-gyp/20.11.0/src -I/home/danny/.cache/node-gyp/20.11.0/deps/openssl/config -I/home/danny/.cache/node-gyp/20.11.0/deps/openssl/openssl/include -I/home/danny/.cache/node-gyp/20.11.0/deps/uv/include -I/home/danny/.cache/node-gyp/20.11.0/deps/zlib -I/home/danny/.cache/node-gyp/20.11.0/deps/v8/include -I../vendor/pcre/include -I../vendor/pcre/10.23/src  -fPIC -pthread -Wall -Wextra -Wno-unused-parameter -Wno-unused-function -m64 -O3 -fno-omit-frame-pointer  -MMD -MF ./Release/.deps/Release/obj.target/pcre/vendor/pcre/10.23/src/pcre2_study.o.d.raw   -c
8709 error   cc -o Release/obj.target/pcre/vendor/pcre/10.23/src/pcre2_substitute.o ../vendor/pcre/10.23/src/pcre2_substitute.c '-DNODE_GYP_MODULE_NAME=pcre' '-DUSING_UV_SHARED=1' '-DUSING_V8_SHARED=1' '-DV8_DEPRECATION_WARNINGS=1' '-D_GLIBCXX_USE_CXX11_ABI=1' '-D_LARGEFILE_SOURCE' '-D_FILE_OFFSET_BITS=64' '-D__STDC_FORMAT_MACROS' '-DOPENSSL_NO_PINSHARED' '-DOPENSSL_THREADS' '-DHAVE_CONFIG_H' '-DPCRE2_CODE_UNIT_WIDTH=16' '-DSUPPORT_JIT' -I/home/danny/.cache/node-gyp/20.11.0/include/node -I/home/danny/.cache/node-gyp/20.11.0/src -I/home/danny/.cache/node-gyp/20.11.0/deps/openssl/config -I/home/danny/.cache/node-gyp/20.11.0/deps/openssl/openssl/include -I/home/danny/.cache/node-gyp/20.11.0/deps/uv/include -I/home/danny/.cache/node-gyp/20.11.0/deps/zlib -I/home/danny/.cache/node-gyp/20.11.0/deps/v8/include -I../vendor/pcre/include -I../vendor/pcre/10.23/src  -fPIC -pthread -Wall -Wextra -Wno-unused-parameter -Wno-unused-function -m64 -O3 -fno-omit-frame-pointer  -MMD -MF ./Release/.deps/Release/obj.target/pcre/vendor/pcre/10.23/src/pcre2_substitute.o.d.raw   -c
8709 error   cc -o Release/obj.target/pcre/vendor/pcre/10.23/src/pcre2_substring.o ../vendor/pcre/10.23/src/pcre2_substring.c '-DNODE_GYP_MODULE_NAME=pcre' '-DUSING_UV_SHARED=1' '-DUSING_V8_SHARED=1' '-DV8_DEPRECATION_WARNINGS=1' '-D_GLIBCXX_USE_CXX11_ABI=1' '-D_LARGEFILE_SOURCE' '-D_FILE_OFFSET_BITS=64' '-D__STDC_FORMAT_MACROS' '-DOPENSSL_NO_PINSHARED' '-DOPENSSL_THREADS' '-DHAVE_CONFIG_H' '-DPCRE2_CODE_UNIT_WIDTH=16' '-DSUPPORT_JIT' -I/home/danny/.cache/node-gyp/20.11.0/include/node -I/home/danny/.cache/node-gyp/20.11.0/src -I/home/danny/.cache/node-gyp/20.11.0/deps/openssl/config -I/home/danny/.cache/node-gyp/20.11.0/deps/openssl/openssl/include -I/home/danny/.cache/node-gyp/20.11.0/deps/uv/include -I/home/danny/.cache/node-gyp/20.11.0/deps/zlib -I/home/danny/.cache/node-gyp/20.11.0/deps/v8/include -I../vendor/pcre/include -I../vendor/pcre/10.23/src  -fPIC -pthread -Wall -Wextra -Wno-unused-parameter -Wno-unused-function -m64 -O3 -fno-omit-frame-pointer  -MMD -MF ./Release/.deps/Release/obj.target/pcre/vendor/pcre/10.23/src/pcre2_substring.o.d.raw   -c
8709 error   cc -o Release/obj.target/pcre/vendor/pcre/10.23/src/pcre2_tables.o ../vendor/pcre/10.23/src/pcre2_tables.c '-DNODE_GYP_MODULE_NAME=pcre' '-DUSING_UV_SHARED=1' '-DUSING_V8_SHARED=1' '-DV8_DEPRECATION_WARNINGS=1' '-D_GLIBCXX_USE_CXX11_ABI=1' '-D_LARGEFILE_SOURCE' '-D_FILE_OFFSET_BITS=64' '-D__STDC_FORMAT_MACROS' '-DOPENSSL_NO_PINSHARED' '-DOPENSSL_THREADS' '-DHAVE_CONFIG_H' '-DPCRE2_CODE_UNIT_WIDTH=16' '-DSUPPORT_JIT' -I/home/danny/.cache/node-gyp/20.11.0/include/node -I/home/danny/.cache/node-gyp/20.11.0/src -I/home/danny/.cache/node-gyp/20.11.0/deps/openssl/config -I/home/danny/.cache/node-gyp/20.11.0/deps/openssl/openssl/include -I/home/danny/.cache/node-gyp/20.11.0/deps/uv/include -I/home/danny/.cache/node-gyp/20.11.0/deps/zlib -I/home/danny/.cache/node-gyp/20.11.0/deps/v8/include -I../vendor/pcre/include -I../vendor/pcre/10.23/src  -fPIC -pthread -Wall -Wextra -Wno-unused-parameter -Wno-unused-function -m64 -O3 -fno-omit-frame-pointer  -MMD -MF ./Release/.deps/Release/obj.target/pcre/vendor/pcre/10.23/src/pcre2_tables.o.d.raw   -c
8709 error   cc -o Release/obj.target/pcre/vendor/pcre/10.23/src/pcre2_ucd.o ../vendor/pcre/10.23/src/pcre2_ucd.c '-DNODE_GYP_MODULE_NAME=pcre' '-DUSING_UV_SHARED=1' '-DUSING_V8_SHARED=1' '-DV8_DEPRECATION_WARNINGS=1' '-D_GLIBCXX_USE_CXX11_ABI=1' '-D_LARGEFILE_SOURCE' '-D_FILE_OFFSET_BITS=64' '-D__STDC_FORMAT_MACROS' '-DOPENSSL_NO_PINSHARED' '-DOPENSSL_THREADS' '-DHAVE_CONFIG_H' '-DPCRE2_CODE_UNIT_WIDTH=16' '-DSUPPORT_JIT' -I/home/danny/.cache/node-gyp/20.11.0/include/node -I/home/danny/.cache/node-gyp/20.11.0/src -I/home/danny/.cache/node-gyp/20.11.0/deps/openssl/config -I/home/danny/.cache/node-gyp/20.11.0/deps/openssl/openssl/include -I/home/danny/.cache/node-gyp/20.11.0/deps/uv/include -I/home/danny/.cache/node-gyp/20.11.0/deps/zlib -I/home/danny/.cache/node-gyp/20.11.0/deps/v8/include -I../vendor/pcre/include -I../vendor/pcre/10.23/src  -fPIC -pthread -Wall -Wextra -Wno-unused-parameter -Wno-unused-function -m64 -O3 -fno-omit-frame-pointer  -MMD -MF ./Release/.deps/Release/obj.target/pcre/vendor/pcre/10.23/src/pcre2_ucd.o.d.raw   -c
8709 error   cc -o Release/obj.target/pcre/vendor/pcre/10.23/src/pcre2_valid_utf.o ../vendor/pcre/10.23/src/pcre2_valid_utf.c '-DNODE_GYP_MODULE_NAME=pcre' '-DUSING_UV_SHARED=1' '-DUSING_V8_SHARED=1' '-DV8_DEPRECATION_WARNINGS=1' '-D_GLIBCXX_USE_CXX11_ABI=1' '-D_LARGEFILE_SOURCE' '-D_FILE_OFFSET_BITS=64' '-D__STDC_FORMAT_MACROS' '-DOPENSSL_NO_PINSHARED' '-DOPENSSL_THREADS' '-DHAVE_CONFIG_H' '-DPCRE2_CODE_UNIT_WIDTH=16' '-DSUPPORT_JIT' -I/home/danny/.cache/node-gyp/20.11.0/include/node -I/home/danny/.cache/node-gyp/20.11.0/src -I/home/danny/.cache/node-gyp/20.11.0/deps/openssl/config -I/home/danny/.cache/node-gyp/20.11.0/deps/openssl/openssl/include -I/home/danny/.cache/node-gyp/20.11.0/deps/uv/include -I/home/danny/.cache/node-gyp/20.11.0/deps/zlib -I/home/danny/.cache/node-gyp/20.11.0/deps/v8/include -I../vendor/pcre/include -I../vendor/pcre/10.23/src  -fPIC -pthread -Wall -Wextra -Wno-unused-parameter -Wno-unused-function -m64 -O3 -fno-omit-frame-pointer  -MMD -MF ./Release/.deps/Release/obj.target/pcre/vendor/pcre/10.23/src/pcre2_valid_utf.o.d.raw   -c
8709 error   cc -o Release/obj.target/pcre/vendor/pcre/10.23/src/pcre2_xclass.o ../vendor/pcre/10.23/src/pcre2_xclass.c '-DNODE_GYP_MODULE_NAME=pcre' '-DUSING_UV_SHARED=1' '-DUSING_V8_SHARED=1' '-DV8_DEPRECATION_WARNINGS=1' '-D_GLIBCXX_USE_CXX11_ABI=1' '-D_LARGEFILE_SOURCE' '-D_FILE_OFFSET_BITS=64' '-D__STDC_FORMAT_MACROS' '-DOPENSSL_NO_PINSHARED' '-DOPENSSL_THREADS' '-DHAVE_CONFIG_H' '-DPCRE2_CODE_UNIT_WIDTH=16' '-DSUPPORT_JIT' -I/home/danny/.cache/node-gyp/20.11.0/include/node -I/home/danny/.cache/node-gyp/20.11.0/src -I/home/danny/.cache/node-gyp/20.11.0/deps/openssl/config -I/home/danny/.cache/node-gyp/20.11.0/deps/openssl/openssl/include -I/home/danny/.cache/node-gyp/20.11.0/deps/uv/include -I/home/danny/.cache/node-gyp/20.11.0/deps/zlib -I/home/danny/.cache/node-gyp/20.11.0/deps/v8/include -I../vendor/pcre/include -I../vendor/pcre/10.23/src  -fPIC -pthread -Wall -Wextra -Wno-unused-parameter -Wno-unused-function -m64 -O3 -fno-omit-frame-pointer  -MMD -MF ./Release/.deps/Release/obj.target/pcre/vendor/pcre/10.23/src/pcre2_xclass.o.d.raw   -c
8709 error   rm -f Release/obj.target/vendor/pcre/pcre.a && ar crs Release/obj.target/vendor/pcre/pcre.a Release/obj.target/pcre/vendor/pcre/pcre2_chartables.o Release/obj.target/pcre/vendor/pcre/10.23/src/pcre2_auto_possess.o Release/obj.target/pcre/vendor/pcre/10.23/src/pcre2_compile.o Release/obj.target/pcre/vendor/pcre/10.23/src/pcre2_config.o Release/obj.target/pcre/vendor/pcre/10.23/src/pcre2_context.o Release/obj.target/pcre/vendor/pcre/10.23/src/pcre2_dfa_match.o Release/obj.target/pcre/vendor/pcre/10.23/src/pcre2_error.o Release/obj.target/pcre/vendor/pcre/10.23/src/pcre2_find_bracket.o Release/obj.target/pcre/vendor/pcre/10.23/src/pcre2_jit_compile.o Release/obj.target/pcre/vendor/pcre/10.23/src/pcre2_maketables.o Release/obj.target/pcre/vendor/pcre/10.23/src/pcre2_match.o Release/obj.target/pcre/vendor/pcre/10.23/src/pcre2_match_data.o Release/obj.target/pcre/vendor/pcre/10.23/src/pcre2_newline.o Release/obj.target/pcre/vendor/pcre/10.23/src/pcre2_ord2utf.o Release/obj.target/pcre/vendor/pcre/10.23/src/pcre2_pattern_info.o Release/obj.target/pcre/vendor/pcre/10.23/src/pcre2_serialize.o Release/obj.target/pcre/vendor/pcre/10.23/src/pcre2_string_utils.o Release/obj.target/pcre/vendor/pcre/10.23/src/pcre2_study.o Release/obj.target/pcre/vendor/pcre/10.23/src/pcre2_substitute.o Release/obj.target/pcre/vendor/pcre/10.23/src/pcre2_substring.o Release/obj.target/pcre/vendor/pcre/10.23/src/pcre2_tables.o Release/obj.target/pcre/vendor/pcre/10.23/src/pcre2_ucd.o Release/obj.target/pcre/vendor/pcre/10.23/src/pcre2_valid_utf.o Release/obj.target/pcre/vendor/pcre/10.23/src/pcre2_xclass.o
8709 error   ln -f "Release/obj.target/vendor/pcre/pcre.a" "Release/pcre.a" 2>/dev/null || (rm -rf "Release/pcre.a" && cp -af "Release/obj.target/vendor/pcre/pcre.a" "Release/pcre.a")
8709 error   g++ -o Release/obj.target/superstring/src/bindings/bindings.o ../src/bindings/bindings.cc '-DNODE_GYP_MODULE_NAME=superstring' '-DUSING_UV_SHARED=1' '-DUSING_V8_SHARED=1' '-DV8_DEPRECATION_WARNINGS=1' '-D_GLIBCXX_USE_CXX11_ABI=1' '-D_LARGEFILE_SOURCE' '-D_FILE_OFFSET_BITS=64' '-D__STDC_FORMAT_MACROS' '-DOPENSSL_NO_PINSHARED' '-DOPENSSL_THREADS' '-DBUILDING_NODE_EXTENSION' -I/home/danny/.cache/node-gyp/20.11.0/include/node -I/home/danny/.cache/node-gyp/20.11.0/src -I/home/danny/.cache/node-gyp/20.11.0/deps/openssl/config -I/home/danny/.cache/node-gyp/20.11.0/deps/openssl/openssl/include -I/home/danny/.cache/node-gyp/20.11.0/deps/uv/include -I/home/danny/.cache/node-gyp/20.11.0/deps/zlib -I/home/danny/.cache/node-gyp/20.11.0/deps/v8/include -I../src/core -I../node_modules/nan  -fPIC -pthread -Wall -Wextra -Wno-unused-parameter -m64 -O3 -fno-omit-frame-pointer -std=c++11 -fno-rtti -fno-exceptions -std=gnu++17 -MMD -MF ./Release/.deps/Release/obj.target/superstring/src/bindings/bindings.o.d.raw   -c
8709 error   g++ -o Release/obj.target/superstring/src/bindings/marker-index-wrapper.o ../src/bindings/marker-index-wrapper.cc '-DNODE_GYP_MODULE_NAME=superstring' '-DUSING_UV_SHARED=1' '-DUSING_V8_SHARED=1' '-DV8_DEPRECATION_WARNINGS=1' '-D_GLIBCXX_USE_CXX11_ABI=1' '-D_LARGEFILE_SOURCE' '-D_FILE_OFFSET_BITS=64' '-D__STDC_FORMAT_MACROS' '-DOPENSSL_NO_PINSHARED' '-DOPENSSL_THREADS' '-DBUILDING_NODE_EXTENSION' -I/home/danny/.cache/node-gyp/20.11.0/include/node -I/home/danny/.cache/node-gyp/20.11.0/src -I/home/danny/.cache/node-gyp/20.11.0/deps/openssl/config -I/home/danny/.cache/node-gyp/20.11.0/deps/openssl/openssl/include -I/home/danny/.cache/node-gyp/20.11.0/deps/uv/include -I/home/danny/.cache/node-gyp/20.11.0/deps/zlib -I/home/danny/.cache/node-gyp/20.11.0/deps/v8/include -I../src/core -I../node_modules/nan  -fPIC -pthread -Wall -Wextra -Wno-unused-parameter -m64 -O3 -fno-omit-frame-pointer -std=c++11 -fno-rtti -fno-exceptions -std=gnu++17 -MMD -MF ./Release/.deps/Release/obj.target/superstring/src/bindings/marker-index-wrapper.o.d.raw   -c
8709 error   g++ -o Release/obj.target/superstring/src/bindings/patch-wrapper.o ../src/bindings/patch-wrapper.cc '-DNODE_GYP_MODULE_NAME=superstring' '-DUSING_UV_SHARED=1' '-DUSING_V8_SHARED=1' '-DV8_DEPRECATION_WARNINGS=1' '-D_GLIBCXX_USE_CXX11_ABI=1' '-D_LARGEFILE_SOURCE' '-D_FILE_OFFSET_BITS=64' '-D__STDC_FORMAT_MACROS' '-DOPENSSL_NO_PINSHARED' '-DOPENSSL_THREADS' '-DBUILDING_NODE_EXTENSION' -I/home/danny/.cache/node-gyp/20.11.0/include/node -I/home/danny/.cache/node-gyp/20.11.0/src -I/home/danny/.cache/node-gyp/20.11.0/deps/openssl/config -I/home/danny/.cache/node-gyp/20.11.0/deps/openssl/openssl/include -I/home/danny/.cache/node-gyp/20.11.0/deps/uv/include -I/home/danny/.cache/node-gyp/20.11.0/deps/zlib -I/home/danny/.cache/node-gyp/20.11.0/deps/v8/include -I../src/core -I../node_modules/nan  -fPIC -pthread -Wall -Wextra -Wno-unused-parameter -m64 -O3 -fno-omit-frame-pointer -std=c++11 -fno-rtti -fno-exceptions -std=gnu++17 -MMD -MF ./Release/.deps/Release/obj.target/superstring/src/bindings/patch-wrapper.o.d.raw   -c
8709 error   g++ -o Release/obj.target/superstring/src/bindings/point-wrapper.o ../src/bindings/point-wrapper.cc '-DNODE_GYP_MODULE_NAME=superstring' '-DUSING_UV_SHARED=1' '-DUSING_V8_SHARED=1' '-DV8_DEPRECATION_WARNINGS=1' '-D_GLIBCXX_USE_CXX11_ABI=1' '-D_LARGEFILE_SOURCE' '-D_FILE_OFFSET_BITS=64' '-D__STDC_FORMAT_MACROS' '-DOPENSSL_NO_PINSHARED' '-DOPENSSL_THREADS' '-DBUILDING_NODE_EXTENSION' -I/home/danny/.cache/node-gyp/20.11.0/include/node -I/home/danny/.cache/node-gyp/20.11.0/src -I/home/danny/.cache/node-gyp/20.11.0/deps/openssl/config -I/home/danny/.cache/node-gyp/20.11.0/deps/openssl/openssl/include -I/home/danny/.cache/node-gyp/20.11.0/deps/uv/include -I/home/danny/.cache/node-gyp/20.11.0/deps/zlib -I/home/danny/.cache/node-gyp/20.11.0/deps/v8/include -I../src/core -I../node_modules/nan  -fPIC -pthread -Wall -Wextra -Wno-unused-parameter -m64 -O3 -fno-omit-frame-pointer -std=c++11 -fno-rtti -fno-exceptions -std=gnu++17 -MMD -MF ./Release/.deps/Release/obj.target/superstring/src/bindings/point-wrapper.o.d.raw   -c
8709 error   g++ -o Release/obj.target/superstring/src/bindings/range-wrapper.o ../src/bindings/range-wrapper.cc '-DNODE_GYP_MODULE_NAME=superstring' '-DUSING_UV_SHARED=1' '-DUSING_V8_SHARED=1' '-DV8_DEPRECATION_WARNINGS=1' '-D_GLIBCXX_USE_CXX11_ABI=1' '-D_LARGEFILE_SOURCE' '-D_FILE_OFFSET_BITS=64' '-D__STDC_FORMAT_MACROS' '-DOPENSSL_NO_PINSHARED' '-DOPENSSL_THREADS' '-DBUILDING_NODE_EXTENSION' -I/home/danny/.cache/node-gyp/20.11.0/include/node -I/home/danny/.cache/node-gyp/20.11.0/src -I/home/danny/.cache/node-gyp/20.11.0/deps/openssl/config -I/home/danny/.cache/node-gyp/20.11.0/deps/openssl/openssl/include -I/home/danny/.cache/node-gyp/20.11.0/deps/uv/include -I/home/danny/.cache/node-gyp/20.11.0/deps/zlib -I/home/danny/.cache/node-gyp/20.11.0/deps/v8/include -I../src/core -I../node_modules/nan  -fPIC -pthread -Wall -Wextra -Wno-unused-parameter -m64 -O3 -fno-omit-frame-pointer -std=c++11 -fno-rtti -fno-exceptions -std=gnu++17 -MMD -MF ./Release/.deps/Release/obj.target/superstring/src/bindings/range-wrapper.o.d.raw   -c
8709 error   g++ -o Release/obj.target/superstring/src/bindings/text-buffer-wrapper.o ../src/bindings/text-buffer-wrapper.cc '-DNODE_GYP_MODULE_NAME=superstring' '-DUSING_UV_SHARED=1' '-DUSING_V8_SHARED=1' '-DV8_DEPRECATION_WARNINGS=1' '-D_GLIBCXX_USE_CXX11_ABI=1' '-D_LARGEFILE_SOURCE' '-D_FILE_OFFSET_BITS=64' '-D__STDC_FORMAT_MACROS' '-DOPENSSL_NO_PINSHARED' '-DOPENSSL_THREADS' '-DBUILDING_NODE_EXTENSION' -I/home/danny/.cache/node-gyp/20.11.0/include/node -I/home/danny/.cache/node-gyp/20.11.0/src -I/home/danny/.cache/node-gyp/20.11.0/deps/openssl/config -I/home/danny/.cache/node-gyp/20.11.0/deps/openssl/openssl/include -I/home/danny/.cache/node-gyp/20.11.0/deps/uv/include -I/home/danny/.cache/node-gyp/20.11.0/deps/zlib -I/home/danny/.cache/node-gyp/20.11.0/deps/v8/include -I../src/core -I../node_modules/nan  -fPIC -pthread -Wall -Wextra -Wno-unused-parameter -m64 -O3 -fno-omit-frame-pointer -std=c++11 -fno-rtti -fno-exceptions -std=gnu++17 -MMD -MF ./Release/.deps/Release/obj.target/superstring/src/bindings/text-buffer-wrapper.o.d.raw   -c
8709 error make: Leaving directory '/home/danny/.npm/_cacache/tmp/git-cloneriPieP/build'
8710 error npm verbose cli /home/danny/.nvm/versions/node/v20.11.0/bin/node /home/danny/.nvm/versions/node/v20.11.0/lib/node_modules/npm/bin/npm-cli.js
8710 error npm info using npm@10.9.0
8710 error npm info using node@v20.11.0
8710 error npm verbose title npm install
8710 error npm verbose argv "install" "--force" "--cache" "/home/danny/.npm" "--prefer-offline" "false" "--prefer-online" "false" "--offline" "false" "--no-progress" "--no-save" "--no-audit" "--include" "dev" "--include" "peer" "--include" "optional" "--no-package-lock-only" "--no-dry-run"
8710 error npm verbose logfile logs-max:10 dir:/home/danny/.npm/_logs/2024-10-13T14_26_54_275Z-
8710 error npm verbose logfile /home/danny/.npm/_logs/2024-10-13T14_26_54_275Z-debug-0.log
8710 error npm warn using --force Recommended protections disabled.
8710 error npm http fetch GET 200 https://registry.npmjs.org/nan 855ms (cache revalidated)
8710 error npm http fetch GET 200 https://registry.npmjs.org/chai 4ms (cache hit)
8710 error npm http fetch GET 200 https://registry.npmjs.org/mocha 13ms (cache hit)
8710 error npm http fetch GET 200 https://registry.npmjs.org/random-seed 665ms (cache revalidated)
8710 error npm http fetch GET 200 https://registry.npmjs.org/standard 97ms (cache revalidated)
8710 error npm http fetch GET 200 https://registry.npmjs.org/temp 82ms (cache revalidated)
8710 error npm http fetch GET 200 https://registry.npmjs.org/unzip 637ms (cache revalidated)
8710 error npm http fetch GET 200 https://registry.npmjs.org/debug 22ms (cache hit)
8710 error npm http fetch GET 200 https://registry.npmjs.org/deep-eql 104ms (cache revalidated)
8710 error npm http fetch GET 200 https://registry.npmjs.org/commander 5ms (cache hit)
8710 error npm http fetch GET 200 https://registry.npmjs.org/glob 144ms (cache revalidated)
8710 error npm http fetch GET 200 https://registry.npmjs.org/diff 150ms (cache revalidated)
8710 error npm http fetch GET 200 https://registry.npmjs.org/jade 160ms (cache revalidated)
8710 error npm http fetch GET 200 https://registry.npmjs.org/assertion-error 166ms (cache revalidated)
8710 error npm http fetch GET 200 https://registry.npmjs.org/mkdirp 139ms (cache revalidated)
8710 error npm http fetch GET 200 https://registry.npmjs.org/growl 166ms (cache revalidated)
8710 error npm http fetch GET 200 https://registry.npmjs.org/supports-color 74ms (cache revalidated)
8710 error npm http fetch GET 200 https://registry.npmjs.org/dezalgo 56ms (cache revalidated)
8710 error npm http fetch GET 200 https://registry.npmjs.org/xtend 68ms (cache revalidated)
8710 error npm http fetch GET 200 https://registry.npmjs.org/escape-string-regexp 93ms (cache revalidated)
8710 error npm http fetch GET 200 https://registry.npmjs.org/eslint 107ms (cache revalidated)
8710 error npm http fetch GET 200 https://registry.npmjs.org/minimist 79ms (cache revalidated)
8710 error npm http fetch GET 200 https://registry.npmjs.org/get-stdin 72ms (cache revalidated)
8710 error npm http fetch GET 200 https://registry.npmjs.org/find-root 90ms (cache revalidated)
8710 error npm http fetch GET 200 https://registry.npmjs.org/eslint-plugin-react 123ms (cache revalidated)
8710 error npm http fetch GET 200 https://registry.npmjs.org/eslint-config-standard 131ms (cache revalidated)
8710 error npm http fetch GET 200 https://registry.npmjs.org/rimraf 9ms (cache hit)
8710 error npm http fetch GET 200 https://registry.npmjs.org/fstream 10ms (cache hit)
8710 error npm http fetch GET 200 https://registry.npmjs.org/binary 101ms (cache revalidated)
8710 error npm http fetch GET 200 https://registry.npmjs.org/readable-stream 130ms (cache revalidated)
8710 error npm http fetch GET 200 https://registry.npmjs.org/to-iso-string 667ms (cache revalidated)
8710 error npm http fetch GET 200 https://registry.npmjs.org/setimmediate 92ms (cache revalidated)
8710 error npm http fetch GET 200 https://registry.npmjs.org/deglob 671ms (cache revalidated)
8710 error npm http fetch GET 200 https://registry.npmjs.org/pkg-config 708ms (cache revalidated)
8710 error npm http fetch GET 200 https://registry.npmjs.org/standard-format 692ms (cache revalidated)
8710 error npm http fetch GET 200 https://registry.npmjs.org/eslint-config-standard-react 745ms (cache revalidated)
8710 error npm http fetch GET 200 https://registry.npmjs.org/pullstream 742ms (cache revalidated)
8710 error npm http fetch GET 200 https://registry.npmjs.org/match-stream 705ms (cache revalidated)
8710 error npm http fetch GET 200 https://registry.npmjs.org/type-detect 110ms (cache revalidated)
8710 error npm http fetch GET 200 https://registry.npmjs.org/minimatch 111ms (cache revalidated)
8710 error npm http fetch GET 200 https://registry.npmjs.org/inherits 121ms (cache revalidated)
8710 error npm http fetch GET 200 https://registry.npmjs.org/ms 127ms (cache revalidated)
8710 error npm http fetch GET 200 https://registry.npmjs.org/lru-cache 186ms (cache revalidated)
8710 error npm http fetch GET 200 https://registry.npmjs.org/sigmund 200ms (cache revalidated)
8710 error npm http fetch GET 200 https://registry.npmjs.org/ignore 247ms (cache revalidated)
8710 error npm http fetch GET 200 https://registry.npmjs.org/asap 248ms (cache revalidated)
8710 error npm http fetch GET 200 https://registry.npmjs.org/run-parallel 264ms (cache revalidated)
8710 error npm http fetch GET 200 https://registry.npmjs.org/wrappy 261ms (cache revalidated)
8710 error npm http fetch GET 200 https://registry.npmjs.org/escope 264ms (cache revalidated)
8710 error npm http fetch GET 200 https://registry.npmjs.org/chalk 285ms (cache revalidated)
8710 error npm http fetch GET 200 https://registry.npmjs.org/uniq 300ms (cache revalidated)
8710 error npm http fetch GET 200 https://registry.npmjs.org/globals 117ms (cache revalidated)
8710 error npm http fetch GET 200 https://registry.npmjs.org/espree 129ms (cache revalidated)
8710 error npm http fetch GET 200 https://registry.npmjs.org/js-yaml 175ms (cache revalidated)
8710 error npm http fetch GET 200 https://registry.npmjs.org/doctrine 180ms (cache revalidated)
8710 error npm http fetch GET 200 https://registry.npmjs.org/optionator 78ms (cache revalidated)
8710 error npm http fetch GET 200 https://registry.npmjs.org/inquirer 197ms (cache revalidated)
8710 error npm http fetch GET 200 https://registry.npmjs.org/estraverse 182ms (cache revalidated)
8710 error npm http fetch GET 200 https://registry.npmjs.org/text-table 108ms (cache revalidated)
8710 error npm http fetch GET 200 https://registry.npmjs.org/concat-stream 153ms (cache revalidated)
8710 error npm http fetch GET 200 https://registry.npmjs.org/xml-escape 161ms (cache revalidated)
8710 error npm http fetch GET 200 https://registry.npmjs.org/path-is-absolute 115ms (cache revalidated)
8710 error npm http fetch GET 200 https://registry.npmjs.org/estraverse-fb 159ms (cache revalidated)
8710 error npm http fetch GET 200 https://registry.npmjs.org/object-assign 148ms (cache revalidated)
8710 error npm http fetch GET 200 https://registry.npmjs.org/strip-json-comments 74ms (cache revalidated)
8710 error npm http fetch GET 200 https://registry.npmjs.org/debug-log 82ms (cache revalidated)
8710 error npm http fetch GET 200 https://registry.npmjs.org/user-home 856ms (cache revalidated)
8710 error npm http fetch GET 200 https://registry.npmjs.org/is-my-json-valid 703ms (cache revalidated)
8710 error npm http fetch GET 200 https://registry.npmjs.org/esformatter-literal-notation 1556ms (cache revalidated)
8710 error npm http fetch GET 200 https://registry.npmjs.org/esformatter-quotes 1552ms (cache revalidated)
8710 error npm http fetch GET 200 https://registry.npmjs.org/esformatter 1662ms (cache revalidated)
8710 error npm http fetch GET 200 https://registry.npmjs.org/esformatter-spaced-lined-comment 1112ms (cache revalidated)
8710 error npm http fetch GET 200 https://registry.npmjs.org/esformatter-eol-last 1685ms (cache revalidated)
8710 error npm http fetch GET 200 https://registry.npmjs.org/esformatter-semicolon-first 1170ms (cache revalidated)
8710 error npm http fetch GET 200 https://registry.npmjs.org/esformatter-jsx 1756ms (cache revalidated)
8710 error npm http fetch GET 200 https://registry.npmjs.org/stdin 730ms (cache revalidated)
8710 error npm http fetch GET 200 https://registry.npmjs.org/queue-microtask 78ms (cache revalidated)
8710 error npm http fetch GET 200 https://registry.npmjs.org/inflight 83ms (cache revalidated)
8710 error npm http fetch GET 200 https://registry.npmjs.org/once 87ms (cache revalidated)
8710 error npm http fetch GET 200 https://registry.npmjs.org/fs.realpath 101ms (cache revalidated)
8710 error npm http fetch GET 200 https://registry.npmjs.org/buffer-from 72ms (cache revalidated)
8710 error npm http fetch GET 200 https://registry.npmjs.org/has-ansi 86ms (cache revalidated)
8710 error npm http fetch GET 200 https://registry.npmjs.org/strip-ansi 109ms (cache revalidated)
8710 error npm http fetch GET 200 https://registry.npmjs.org/esutils 144ms (cache revalidated)
8710 error npm http fetch GET 200 https://registry.npmjs.org/typedarray 164ms (cache revalidated)
8710 error npm http fetch GET 200 https://registry.npmjs.org/isarray 164ms (cache revalidated)
8710 error npm http fetch GET 200 https://registry.npmjs.org/es6-map 104ms (cache revalidated)
8710 error npm http fetch GET 200 https://registry.npmjs.org/ansi-styles 183ms (cache revalidated)
8710 error npm http fetch GET 200 https://registry.npmjs.org/es6-weak-map 113ms (cache revalidated)
8710 error npm http fetch GET 200 https://registry.npmjs.org/esrecurse 121ms (cache revalidated)
8710 error npm http fetch GET 200 https://registry.npmjs.org/lodash 67ms (cache revalidated)
8710 error npm http fetch GET 200 https://registry.npmjs.org/figures 79ms (cache revalidated)
8710 error npm http fetch GET 200 https://registry.npmjs.org/through 77ms (cache revalidated)
8710 error npm http fetch GET 200 https://registry.npmjs.org/cli-width 80ms (cache revalidated)
8710 error npm http fetch GET 200 https://registry.npmjs.org/readline2 109ms (cache revalidated)
8710 error npm http fetch GET 200 https://registry.npmjs.org/rx 606ms (cache revalidated)
8710 error npm http fetch GET 200 https://registry.npmjs.org/ansi-regex 1541ms (cache revalidated)
8710 error npm http fetch GET 200 https://registry.npmjs.org/argparse 1483ms (cache revalidated)
8710 error npm http fetch GET 200 https://registry.npmjs.org/generate-function 1558ms (cache revalidated)
8710 error npm http fetch GET 200 https://registry.npmjs.org/jsonpointer 1541ms (cache revalidated)
8710 error npm http fetch GET 200 https://registry.npmjs.org/is-my-ip-valid 1566ms (cache revalidated)
8710 error npm http fetch GET 200 https://registry.npmjs.org/esprima 1144ms (cache revalidated)
8710 error npm http fetch GET 200 https://registry.npmjs.org/brace-expansion 146ms (cache revalidated)
8710 error npm http fetch GET 200 https://registry.npmjs.org/prelude-ls 168ms (cache revalidated)
8710 error npm http fetch GET 200 https://registry.npmjs.org/deep-is 168ms (cache revalidated)
8710 error npm http fetch GET 200 https://registry.npmjs.org/type-check 147ms (cache revalidated)
8710 error npm http fetch GET 200 https://registry.npmjs.org/wordwrap 188ms (cache revalidated)
8710 error npm http fetch GET 200 https://registry.npmjs.org/levn 115ms (cache revalidated)
8710 error npm http fetch GET 200 https://registry.npmjs.org/fast-levenshtein 120ms (cache revalidated)
8710 error npm http fetch GET 200 https://registry.npmjs.org/generate-object-property 2199ms (cache revalidated)
8710 error npm http fetch GET 200 https://registry.npmjs.org/core-util-is 517ms (cache revalidated)
8710 error npm http fetch GET 200 https://registry.npmjs.org/safe-buffer 516ms (cache revalidated)
8710 error npm http fetch GET 200 https://registry.npmjs.org/string_decoder 528ms (cache revalidated)
8710 error npm http fetch GET 200 https://registry.npmjs.org/util-deprecate 530ms (cache revalidated)
8710 error npm http fetch GET 200 https://registry.npmjs.org/process-nextick-args 541ms (cache revalidated)
8710 error npm http fetch GET 200 https://registry.npmjs.org/event-emitter 104ms (cache revalidated)
8710 error npm http fetch GET 200 https://registry.npmjs.org/es6-set 121ms (cache revalidated)
8710 error npm http fetch GET 200 https://registry.npmjs.org/es6-iterator 127ms (cache revalidated)
8710 error npm http fetch GET 200 https://registry.npmjs.org/d 133ms (cache revalidated)
8710 error npm http fetch GET 200 https://registry.npmjs.org/es6-symbol 129ms (cache revalidated)
8710 error npm http fetch GET 200 https://registry.npmjs.org/d 136ms (cache revalidated)
8710 error npm http fetch GET 200 https://registry.npmjs.org/es5-ext 145ms (cache revalidated)
8710 error npm http fetch GET 200 https://registry.npmjs.org/es6-iterator 29ms (cache hit)
8710 error npm http fetch GET 200 https://registry.npmjs.org/es6-symbol 26ms (cache hit)
8710 error npm http fetch GET 200 https://registry.npmjs.org/es5-ext 98ms (cache revalidated)
8710 error npm http fetch GET 200 https://registry.npmjs.org/ext 384ms (cache revalidated)
8710 error npm http fetch GET 200 https://registry.npmjs.org/esniff 395ms (cache revalidated)
8710 error npm http fetch GET 200 https://registry.npmjs.org/type 419ms (cache revalidated)
8710 error npm http fetch GET 200 https://registry.npmjs.org/type 415ms (cache revalidated)
8710 error npm http fetch GET 200 https://registry.npmjs.org/next-tick 436ms (cache revalidated)
8710 error npm http fetch GET 200 https://registry.npmjs.org/mute-stream 162ms (cache revalidated)
8710 error npm http fetch GET 200 https://registry.npmjs.org/is-property 625ms (cache revalidated)
8710 error npm http fetch GET 200 https://registry.npmjs.org/is-property 687ms (cache revalidated)
8710 error npm http fetch GET 200 https://registry.npmjs.org/sprintf-js 136ms (cache revalidated)
8710 error npm http fetch GET 200 https://registry.npmjs.org/resolve 21ms (cache hit)
8710 error npm http fetch GET 200 https://registry.npmjs.org/mout 613ms (cache revalidated)
8710 error npm http fetch GET 200 https://registry.npmjs.org/rocambole 629ms (cache revalidated)
8710 error npm http fetch GET 200 https://registry.npmjs.org/disparity 638ms (cache revalidated)
8710 error npm http fetch GET 200 https://registry.npmjs.org/npm-run 661ms (cache revalidated)
8710 error npm http fetch GET 200 https://registry.npmjs.org/rocambole-linebreak 660ms (cache revalidated)
8710 error npm http fetch GET 200 https://registry.npmjs.org/rocambole-node 655ms (cache revalidated)
8710 error npm http fetch GET 200 https://registry.npmjs.org/rocambole-indent 729ms (cache revalidated)
8710 error npm http fetch GET 200 https://registry.npmjs.org/babel-core 119ms (cache revalidated)
8710 error npm http fetch GET 200 https://registry.npmjs.org/string.prototype.endswith 174ms (cache revalidated)
8710 error npm http fetch GET 200 https://registry.npmjs.org/extend 136ms (cache revalidated)
8710 error npm http fetch GET 200 https://registry.npmjs.org/rocambole-whitespace 669ms (cache revalidated)
8710 error npm http fetch GET 200 https://registry.npmjs.org/rocambole-token 712ms (cache revalidated)
8710 error npm http fetch GET 200 https://registry.npmjs.org/fresh-falafel 633ms (cache revalidated)
8710 error npm http fetch GET 200 https://registry.npmjs.org/esformatter-ignore 805ms (cache revalidated)
8710 error npm http fetch GET 200 https://registry.npmjs.org/rocambole-token 1007ms (cache revalidated)
8710 error npm http fetch GET 200 https://registry.npmjs.org/rocambole-token 533ms (cache revalidated)
8710 error npm http fetch GET 200 https://registry.npmjs.org/js-beautify 1095ms (cache revalidated)
8710 error npm http fetch GET 200 https://registry.npmjs.org/esformatter-parser 1552ms (cache revalidated)
8710 error npm http fetch GET 200 https://registry.npmjs.org/spawn-sync 322ms (cache revalidated)
8710 error npm http fetch GET 200 https://registry.npmjs.org/is-core-module 330ms (cache revalidated)
8710 error npm http fetch GET 200 https://registry.npmjs.org/path-parse 339ms (cache revalidated)
8710 error npm http fetch GET 200 https://registry.npmjs.org/semver 9ms (cache hit)
8710 error npm http fetch GET 200 https://registry.npmjs.org/supports-preserve-symlinks-flag 75ms (cache revalidated)
8710 error npm http fetch GET 200 https://registry.npmjs.org/repeat-string 108ms (cache revalidated)
8710 error npm http fetch GET 200 https://registry.npmjs.org/os-homedir 101ms (cache revalidated)
8710 error npm http fetch GET 200 https://registry.npmjs.org/serializerr 895ms (cache revalidated)
8710 error npm http fetch GET 200 https://registry.npmjs.org/sync-exec 913ms (cache revalidated)
8710 error npm http fetch GET 200 https://registry.npmjs.org/npm-which 942ms (cache revalidated)
8710 error npm http fetch GET 200 https://registry.npmjs.org/npm-path 971ms (cache revalidated)
8710 error npm http fetch GET 200 https://registry.npmjs.org/babel-plugin-property-literals 1222ms (cache revalidated)
8710 error npm http fetch GET 200 https://registry.npmjs.org/babel-plugin-constant-folding 1236ms (cache revalidated)
8710 error npm http fetch GET 200 https://registry.npmjs.org/babel-plugin-eval 1242ms (cache revalidated)
8710 error npm http fetch GET 200 https://registry.npmjs.org/babel-plugin-jscript 1255ms (cache revalidated)
8710 error npm http fetch GET 200 https://registry.npmjs.org/babel-plugin-member-expression-literals 1256ms (cache revalidated)
8710 error npm http fetch GET 200 https://registry.npmjs.org/babel-plugin-dead-code-elimination 1309ms (cache revalidated)
8710 error npm http fetch GET 200 https://registry.npmjs.org/babel-plugin-inline-environment-variables 1315ms (cache revalidated)
8710 error npm http fetch GET 200 https://registry.npmjs.org/babel-plugin-proto-to-assign 652ms (cache revalidated)
8710 error npm http fetch GET 200 https://registry.npmjs.org/babel-plugin-react-constant-elements 648ms (cache revalidated)
8710 error npm http fetch GET 200 https://registry.npmjs.org/babel-plugin-react-display-name 674ms (cache revalidated)
8710 error npm http fetch GET 200 https://registry.npmjs.org/babel-plugin-remove-console 694ms (cache revalidated)
8710 error npm http fetch GET 200 https://registry.npmjs.org/babel-plugin-runtime 702ms (cache revalidated)
8710 error npm http fetch GET 200 https://registry.npmjs.org/babel-plugin-undeclared-variables-check 698ms (cache revalidated)
8710 error npm http fetch GET 200 https://registry.npmjs.org/babylon 140ms (cache revalidated)
8710 error npm http fetch GET 200 https://registry.npmjs.org/convert-source-map 81ms (cache revalidated)
8710 error npm http fetch GET 200 https://registry.npmjs.org/babel-plugin-remove-debugger 783ms (cache revalidated)
8710 error npm http fetch GET 200 https://registry.npmjs.org/bluebird 162ms (cache revalidated)
8710 error npm http fetch GET 200 https://registry.npmjs.org/core-js 110ms (cache revalidated)
8710 error npm http fetch GET 200 https://registry.npmjs.org/detect-indent 118ms (cache revalidated)
8710 error npm http fetch GET 200 https://registry.npmjs.org/fs-readdir-recursive 117ms (cache revalidated)
8710 error npm http fetch GET 200 https://registry.npmjs.org/js-tokens 64ms (cache revalidated)
8710 error npm http fetch GET 200 https://registry.npmjs.org/home-or-tmp 117ms (cache revalidated)
8710 error npm http fetch GET 200 https://registry.npmjs.org/json5 96ms (cache revalidated)
8710 error npm http fetch GET 200 https://registry.npmjs.org/output-file-sync 95ms (cache revalidated)
8710 error npm http fetch GET 200 https://registry.npmjs.org/path-exists 85ms (cache revalidated)
8710 error npm http fetch GET 200 https://registry.npmjs.org/private 121ms (cache revalidated)
8710 error npm http fetch GET 200 https://registry.npmjs.org/shebang-regex 77ms (cache revalidated)
8710 error npm http fetch GET 200 https://registry.npmjs.org/slash 70ms (cache revalidated)
8710 error npm http fetch GET 200 https://registry.npmjs.org/repeating 130ms (cache revalidated)
8710 error npm http fetch GET 200 https://registry.npmjs.org/source-map 116ms (cache revalidated)
8710 error npm http fetch GET 200 https://registry.npmjs.org/source-map-support 119ms (cache revalidated)
8710 error npm http fetch GET 200 https://registry.npmjs.org/to-fast-properties 125ms (cache revalidated)
8710 error npm http fetch GET 200 https://registry.npmjs.org/trim-right 88ms (cache revalidated)
8710 error npm http fetch GET 200 https://registry.npmjs.org/babel-plugin-undefined-to-void 647ms (cache revalidated)
8710 error npm http fetch GET 200 https://registry.npmjs.org/acorn 96ms (cache revalidated)
8710 error npm http fetch GET 200 https://registry.npmjs.org/object-keys 67ms (cache revalidated)
8710 error npm http fetch GET 200 https://registry.npmjs.org/foreach 95ms (cache revalidated)
8710 error npm http fetch GET 200 https://registry.npmjs.org/is-integer 780ms (cache revalidated)
8710 error npm http fetch GET 200 https://registry.npmjs.org/regexpu 656ms (cache revalidated)
8710 error npm http fetch GET 200 https://registry.npmjs.org/regenerator 736ms (cache revalidated)
8710 error npm http fetch GET 200 https://registry.npmjs.org/try-resolve 687ms (cache revalidated)
8710 error npm http fetch GET 200 https://registry.npmjs.org/editorconfig 1301ms (cache revalidated)
8710 error npm http fetch GET 200 https://registry.npmjs.org/nopt 1078ms (cache revalidated)
8710 error npm http fetch GET 200 https://registry.npmjs.org/js-cookie 1292ms (cache revalidated)
8710 error npm http fetch GET 200 https://registry.npmjs.org/config-chain 1330ms (cache revalidated)
8710 error npm http fetch GET 200 https://registry.npmjs.org/graceful-fs 174ms (cache revalidated)
8710 error npm http fetch GET 200 https://registry.npmjs.org/leven 189ms (cache revalidated)
8710 error npm http fetch GET 200 https://registry.npmjs.org/is-finite 194ms (cache revalidated)
8710 error npm http fetch GET 200 https://registry.npmjs.org/os-tmpdir 201ms (cache revalidated)
8710 error npm http fetch GET 200 https://registry.npmjs.org/esprima-fb 201ms (cache revalidated)
8710 error npm http fetch GET 200 https://registry.npmjs.org/regenerate 60ms (cache revalidated)
8710 error npm http fetch GET 200 https://registry.npmjs.org/recast 79ms (cache revalidated)
8710 error npm http fetch GET 200 https://registry.npmjs.org/recast 81ms (cache revalidated)
8710 error npm http fetch GET 200 https://registry.npmjs.org/regjsparser 73ms (cache revalidated)
8710 error npm http fetch GET 200 https://registry.npmjs.org/regjsgen 86ms (cache revalidated)
8710 error npm http fetch GET 200 https://registry.npmjs.org/commoner 729ms (cache revalidated)
8710 error npm http fetch GET 200 https://registry.npmjs.org/defs 866ms (cache revalidated)
8710 error npm http fetch GET 200 https://registry.npmjs.org/babel-traverse 128ms (cache revalidated)
8710 error npm http fetch GET 200 https://registry.npmjs.org/acorn-to-esprima 739ms (cache revalidated)
8710 error npm http fetch GET 200 https://registry.npmjs.org/babel-code-frame 674ms (cache revalidated)
8710 error npm http fetch GET 200 https://registry.npmjs.org/babel-messages 700ms (cache revalidated)
8710 error npm http fetch GET 200 https://registry.npmjs.org/invariant 709ms (cache revalidated)
8710 error npm http fetch GET 200 https://registry.npmjs.org/babel-types 721ms (cache revalidated)
8710 error npm http fetch GET 200 https://registry.npmjs.org/babel-runtime 1268ms (cache revalidated)
8710 error npm http fetch GET 200 https://registry.npmjs.org/loose-envify 83ms (cache revalidated)
8710 error npm http fetch GET 200 https://registry.npmjs.org/regenerator-runtime 103ms (cache revalidated)
8710 error npm http fetch GET 200 https://registry.npmjs.org/proto-list 73ms (cache revalidated)
8710 error npm http fetch GET 200 https://registry.npmjs.org/ini 89ms (cache revalidated)
8710 error npm http fetch GET 200 https://registry.npmjs.org/path-scurry 84ms (cache revalidated)
8710 error npm http fetch GET 200 https://registry.npmjs.org/jackspeak 90ms (cache revalidated)
8710 error npm http fetch GET 200 https://registry.npmjs.org/minipass 102ms (cache revalidated)
8710 error npm http fetch GET 200 https://registry.npmjs.org/foreground-child 102ms (cache revalidated)
8710 error npm http fetch GET 200 https://registry.npmjs.org/package-json-from-dist 62ms (cache revalidated)
8710 error npm http fetch GET 200 https://registry.npmjs.org/abbrev 62ms (cache revalidated)
8710 error npm http fetch GET 200 https://registry.npmjs.org/@one-ini%2fwasm 169ms (cache revalidated)
8710 error npm http fetch GET 200 https://registry.npmjs.org/which 50ms (cache revalidated)
8710 error npm http fetch GET 200 https://registry.npmjs.org/which 56ms (cache revalidated)
8710 error npm http fetch GET 200 https://registry.npmjs.org/os-shim 79ms (cache revalidated)
8710 error npm http fetch GET 200 https://registry.npmjs.org/protochain 640ms (cache revalidated)
8710 error npm http fetch GET 200 https://registry.npmjs.org/isexe 74ms (cache revalidated)
8710 error npm http fetch GET 200 https://registry.npmjs.org/iconv-lite 119ms (cache revalidated)
8710 error npm http fetch GET 200 https://registry.npmjs.org/q 184ms (cache revalidated)
8710 error npm http fetch GET 200 https://registry.npmjs.org/simple-is 101ms (cache revalidated)
8710 error npm http fetch GET 200 https://registry.npmjs.org/alter 669ms (cache revalidated)
8710 error npm http fetch GET 200 https://registry.npmjs.org/detective 690ms (cache revalidated)
8710 error npm http fetch GET 200 https://registry.npmjs.org/breakable 715ms (cache revalidated)
8710 error npm http fetch GET 200 https://registry.npmjs.org/simple-fmt 721ms (cache revalidated)
8710 error npm http fetch GET 200 https://registry.npmjs.org/ast-traverse 750ms (cache revalidated)
8710 error npm http fetch GET 200 https://registry.npmjs.org/yargs 81ms (cache revalidated)
8710 error npm http fetch GET 200 https://registry.npmjs.org/ast-types 99ms (cache revalidated)
8710 error npm http fetch GET 200 https://registry.npmjs.org/stringmap 673ms (cache revalidated)
8710 error npm http fetch GET 200 https://registry.npmjs.org/stringset 705ms (cache revalidated)
8710 error npm http fetch GET 200 https://registry.npmjs.org/tryor 593ms (cache revalidated)
8710 error npm http fetch GET 200 https://registry.npmjs.org/defined 86ms (cache revalidated)
8710 error npm http fetch GET 200 https://registry.npmjs.org/safer-buffer 115ms (cache revalidated)
8710 error npm http fetch GET 200 https://registry.npmjs.org/os-locale 105ms (cache revalidated)
8710 error npm http fetch GET 200 https://registry.npmjs.org/decamelize 110ms (cache revalidated)
8710 error npm http fetch GET 200 https://registry.npmjs.org/stable 120ms (cache revalidated)
8710 error npm http fetch GET 200 https://registry.npmjs.org/y18n 123ms (cache revalidated)
8710 error npm http fetch GET 200 https://registry.npmjs.org/cliui 126ms (cache revalidated)
8710 error npm http fetch GET 200 https://registry.npmjs.org/camelcase 131ms (cache revalidated)
8710 error npm http fetch GET 200 https://registry.npmjs.org/window-size 174ms (cache revalidated)
8710 error npm http fetch GET 200 https://registry.npmjs.org/jsesc 60ms (cache revalidated)
8710 error npm http fetch GET 200 https://registry.npmjs.org/hasown 68ms (cache revalidated)
8710 error npm http fetch GET 200 https://registry.npmjs.org/function-bind 68ms (cache revalidated)
8710 error npm http fetch GET 200 https://registry.npmjs.org/amdefine 83ms (cache revalidated)
8710 error npm http fetch GET 200 https://registry.npmjs.org/chainsaw 87ms (cache revalidated)
8710 error npm http fetch GET 200 https://registry.npmjs.org/buffers 88ms (cache revalidated)
8710 error npm http fetch GET 200 https://registry.npmjs.org/buffers 92ms (cache revalidated)
8710 error npm http fetch GET 200 https://registry.npmjs.org/slice-stream 640ms (cache revalidated)
8710 error npm http fetch GET 200 https://registry.npmjs.org/over 667ms (cache revalidated)
8710 error npm http fetch GET 200 https://registry.npmjs.org/traverse 74ms (cache revalidated)
8710 error npm http fetch GET 200 https://registry.npmjs.org/natives 82ms (cache revalidated)
8710 error npm http fetch GET 200 https://registry.npmjs.org/lcid 112ms (cache revalidated)
8710 error npm http fetch GET 200 https://registry.npmjs.org/center-align 143ms (cache revalidated)
8710 error npm http fetch GET 200 https://registry.npmjs.org/right-align 152ms (cache revalidated)
8710 error npm http fetch GET 200 https://registry.npmjs.org/lazy-cache 105ms (cache revalidated)
8710 error npm http fetch GET 200 https://registry.npmjs.org/align-text 118ms (cache revalidated)
8710 error npm http fetch GET 200 https://registry.npmjs.org/align-text 138ms (cache revalidated)
8710 error npm http fetch GET 200 https://registry.npmjs.org/kind-of 66ms (cache revalidated)
8710 error npm http fetch GET 200 https://registry.npmjs.org/longest 84ms (cache revalidated)
8710 error npm http fetch GET 200 https://registry.npmjs.org/is-buffer 117ms (cache revalidated)
8710 error npm http fetch GET 200 https://registry.npmjs.org/invert-kv 629ms (cache revalidated)
8710 error npm http fetch GET 200 https://registry.npmjs.org/concat-map 79ms (cache revalidated)
8710 error npm http fetch GET 200 https://registry.npmjs.org/balanced-match 83ms (cache revalidated)
8710 error npm http fetch GET 200 https://registry.npmjs.org/cross-spawn 126ms (cache revalidated)
8710 error npm http fetch GET 200 https://registry.npmjs.org/signal-exit 174ms (cache revalidated)
8710 error npm http fetch GET 200 https://registry.npmjs.org/@pkgjs%2fparseargs 193ms (cache revalidated)
8710 error npm http fetch GET 200 https://registry.npmjs.org/@isaacs%2fcliui 285ms (cache revalidated)
8710 error npm http fetch GET 200 https://registry.npmjs.org/shebang-command 99ms (cache revalidated)
8710 error npm http fetch GET 200 https://registry.npmjs.org/path-key 120ms (cache revalidated)
8710 error npm http fetch GET 200 https://registry.npmjs.org/string-width 415ms (cache revalidated)
8710 error npm http fetch GET 200 https://registry.npmjs.org/string-width 429ms (cache revalidated)
8710 error npm http fetch GET 200 https://registry.npmjs.org/wrap-ansi 449ms (cache revalidated)
8710 error npm http fetch GET 200 https://registry.npmjs.org/wrap-ansi 466ms (cache revalidated)
8710 error npm http fetch GET 200 https://registry.npmjs.org/emoji-regex 112ms (cache revalidated)
8710 error npm http fetch GET 200 https://registry.npmjs.org/is-fullwidth-code-point 120ms (cache revalidated)
8710 error npm http fetch GET 200 https://registry.npmjs.org/emoji-regex 133ms (cache revalidated)
8710 error npm http fetch GET 200 https://registry.npmjs.org/eastasianwidth 163ms (cache revalidated)
8710 error npm http fetch GET 200 https://registry.npmjs.org/color-convert 86ms (cache revalidated)
8710 error npm http fetch GET 200 https://registry.npmjs.org/color-name 108ms (cache revalidated)
8710 error npm warn deprecated try-resolve@1.0.1: Package no longer supported. Contact Support at https://www.npmjs.com/support for more info.
8710 error npm warn deprecated natives@1.1.6: This module relies on Node.js's internals and will break at some point. Do not use it, and update to graceful-fs@4.x.
8710 error npm warn deprecated inflight@1.0.6: This module is not supported, and leaks memory. Do not use it. Check out lru-cache if you want a good and tested way to coalesce async requests by a key value, which is much more comprehensive and powerful.
8710 error npm warn deprecated stable@0.1.8: Modern JS already guarantees Array#sort() is a stable sort, so this library is deprecated. See the compatibility table on MDN: https://developer.mozilla.org/en-US/docs/Web/JavaScript/Reference/Global_Objects/Array/sort#browser_compatibility
8710 error npm warn deprecated babel-plugin-undefined-to-void@1.1.6: Package no longer supported. Contact Support at https://www.npmjs.com/support for more info.
8710 error npm warn deprecated babel-plugin-remove-debugger@1.0.1: Package no longer supported. Contact Support at https://www.npmjs.com/support for more info.
8710 error npm warn deprecated babel-plugin-remove-console@1.0.1: Package no longer supported. Contact Support at https://www.npmjs.com/support for more info.
8710 error npm warn deprecated babel-plugin-react-display-name@1.0.3: Package no longer supported. Contact Support at https://www.npmjs.com/support for more info.
8710 error npm warn deprecated babel-plugin-react-constant-elements@1.0.3: Package no longer supported. Contact Support at https://www.npmjs.com/support for more info.
8710 error npm warn deprecated babel-plugin-property-literals@1.0.1: Package no longer supported. Contact Support at https://www.npmjs.com/support for more info.
8710 error npm warn deprecated babel-plugin-proto-to-assign@1.0.4: Package no longer supported. Contact Support at https://www.npmjs.com/support for more info.
8710 error npm warn deprecated babel-plugin-member-expression-literals@1.0.1: Package no longer supported. Contact Support at https://www.npmjs.com/support for more info.
8710 error npm warn deprecated babel-plugin-jscript@1.0.4: Package no longer supported. Contact Support at https://www.npmjs.com/support for more info.
8710 error npm warn deprecated babel-plugin-inline-environment-variables@1.0.1: Package no longer supported. Contact Support at https://www.npmjs.com/support for more info.
8710 error npm warn deprecated babel-plugin-eval@1.0.1: Package no longer supported. Contact Support at https://www.npmjs.com/support for more info.
8710 error npm warn deprecated babel-plugin-dead-code-elimination@1.0.2: Package no longer supported. Contact Support at https://www.npmjs.com/support for more info.
8710 error npm warn deprecated babel-plugin-constant-folding@1.0.1: Package no longer supported. Contact Support at https://www.npmjs.com/support for more info.
8710 error npm warn deprecated rimraf@2.6.3: Rimraf versions prior to v4 are no longer supported
8710 error npm warn deprecated babel-plugin-runtime@1.0.7: Package no longer supported. Contact Support at https://www.npmjs.com/support for more info.
8710 error npm warn deprecated minimatch@2.0.10: Please update to minimatch 3.0.2 or higher to avoid a RegExp DoS issue
8710 error npm warn deprecated minimatch@2.0.10: Please update to minimatch 3.0.2 or higher to avoid a RegExp DoS issue
8710 error npm warn deprecated to-iso-string@0.0.2: to-iso-string has been deprecated, use @segment/to-iso-string instead.
8710 error npm warn deprecated glob@7.2.3: Glob versions prior to v9 are no longer supported
8710 error npm warn deprecated glob@5.0.15: Glob versions prior to v9 are no longer supported
8710 error npm warn deprecated glob@5.0.15: Glob versions prior to v9 are no longer supported
8710 error npm warn deprecated glob@7.2.3: Glob versions prior to v9 are no longer supported
8710 error npm warn deprecated q@1.5.1: You or someone you depend on is using Q, the JavaScript Promise library that gave JavaScript developers strong feelings about promises. They can almost certainly migrate to the native JavaScript promise now. Thank you literally everyone for joining me in this bet against the odds. Be excellent to each other.
8710 error npm warn deprecated
8710 error npm warn deprecated (For a CapTP with native promises, see @endo/eventual-send and @endo/captp)
8710 error npm warn deprecated minimatch@0.3.0: Please update to minimatch 3.0.2 or higher to avoid a RegExp DoS issue
8710 error npm warn deprecated mkdirp@0.3.0: Legacy versions of mkdirp are no longer supported. Please update to mkdirp 1.x. (Note that the API surface has changed to use Promises in 1.x.)
8710 error npm warn deprecated mkdirp@0.5.1: Legacy versions of mkdirp are no longer supported. Please update to mkdirp 1.x. (Note that the API surface has changed to use Promises in 1.x.)
8710 error npm warn deprecated glob@3.2.11: Glob versions prior to v9 are no longer supported
8710 error npm warn deprecated standard-format@1.6.10: standard-format is deprecated in favor of a built-in autofixer in 'standard'. Usage: standard --fix
8710 error npm warn deprecated fstream@0.1.31: This package is no longer supported.
8710 error npm warn deprecated jade@0.26.3: Jade has been renamed to pug, please install the latest version of pug instead of jade
8710 error npm warn deprecated eslint@0.24.1: This version is no longer supported. Please see https://eslint.org/version-support for other options.
8710 error npm warn deprecated core-js@1.2.7: core-js@<3.23.3 is no longer maintained and not recommended for usage due to the number of issues. Because of the V8 engine whims, feature detection in old core-js versions could cause a slowdown up to 100x even if nothing is polyfilled. Some versions have web compatibility issues. Please, upgrade your dependencies to the actual version of core-js.
8710 error npm warn deprecated core-js@2.6.12: core-js@<3.23.3 is no longer maintained and not recommended for usage due to the number of issues. Because of the V8 engine whims, feature detection in old core-js versions could cause a slowdown up to 100x even if nothing is polyfilled. Some versions have web compatibility issues. Please, upgrade your dependencies to the actual version of core-js.
8710 error npm info run es5-ext@0.10.64 postinstall node_modules/es5-ext  node -e "try{require('./_postinstall')}catch(e){}" || exit 0
8710 error npm info run spawn-sync@1.0.15 postinstall node_modules/spawn-sync node postinstall
8710 error npm info run core-js@2.6.12 postinstall node_modules/babel-runtime/node_modules/core-js node -e "try{require('./postinstall')}catch(e){}"
8710 error npm info run es5-ext@0.10.64 postinstall { code: 0, signal: null }
8710 error npm info run core-js@2.6.12 postinstall { code: 0, signal: null }
8710 error npm info run spawn-sync@1.0.15 postinstall { code: 0, signal: null }
8710 error gyp info it worked if it ends with ok
8710 error gyp verb cli [
8710 error gyp verb cli   '/home/danny/.nvm/versions/node/v20.11.0/bin/node',
8710 error gyp verb cli   '/home/danny/node_modules/.bin/node-gyp',
8710 error gyp verb cli   'rebuild'
8710 error gyp verb cli ]
8710 error gyp info using node-gyp@8.4.1
8710 error gyp info using node@20.11.0 | linux | x64
8710 error gyp verb command rebuild []
8710 error gyp verb command clean []
8710 error gyp verb clean removing "build" directory
8710 error gyp verb command configure []
8710 error gyp verb find Python Python is not set from command line or npm configuration
8710 error gyp verb find Python Python is not set from environment variable PYTHON
8710 error gyp verb find Python checking if "python3" can be used
8710 error gyp verb find Python - executing "python3" to get executable path
8710 error gyp verb find Python - executable path is "/home/danny/.local/bin/python3"
8710 error gyp verb find Python - executing "/home/danny/.local/bin/python3" to get version
8710 error gyp verb find Python - version is "3.12.3"
8710 error gyp info find Python using Python version 3.12.3 found at "/home/danny/.local/bin/python3"
8710 error gyp verb get node dir no --target version specified, falling back to host node version: 20.11.0
8710 error gyp verb command install [ '20.11.0' ]
8710 error gyp verb install input version string "20.11.0"
8710 error gyp verb install installing version: 20.11.0
8710 error gyp verb install --ensure was passed, so won't reinstall if already installed
8710 error gyp verb install version is already installed, need to check "installVersion"
8710 error gyp verb got "installVersion" 11
8710 error gyp verb needs "installVersion" 9
8710 error gyp verb install version is good
8710 error gyp verb get node dir target node version installed: 20.11.0
8710 error gyp verb build dir attempting to create "build" dir: /home/danny/.npm/_cacache/tmp/git-cloneriPieP/build
8710 error gyp verb build dir "build" dir needed to be created? Yes
8710 error gyp verb build/config.gypi creating config file
8710 error gyp verb build/config.gypi writing out config file: /home/danny/.npm/_cacache/tmp/git-cloneriPieP/build/config.gypi
8710 error gyp verb config.gypi checking for gypi file: /home/danny/.npm/_cacache/tmp/git-cloneriPieP/config.gypi
8710 error gyp verb common.gypi checking for gypi file: /home/danny/.npm/_cacache/tmp/git-cloneriPieP/common.gypi
8710 error gyp verb gyp gyp format was not specified; forcing "make"
8710 error gyp info spawn /home/danny/.local/bin/python3
8710 error gyp info spawn args [
8710 error gyp info spawn args   '/home/danny/node_modules/node-gyp/gyp/gyp_main.py',
8710 error gyp info spawn args   'binding.gyp',
8710 error gyp info spawn args   '-f',
8710 error gyp info spawn args   'make',
8710 error gyp info spawn args   '-I',
8710 error gyp info spawn args   '/home/danny/.npm/_cacache/tmp/git-cloneriPieP/build/config.gypi',
8710 error gyp info spawn args   '-I',
8710 error gyp info spawn args   '/home/danny/node_modules/node-gyp/addon.gypi',
8710 error gyp info spawn args   '-I',
8710 error gyp info spawn args   '/home/danny/.cache/node-gyp/20.11.0/include/node/common.gypi',
8710 error gyp info spawn args   '-Dlibrary=shared_library',
8710 error gyp info spawn args   '-Dvisibility=default',
8710 error gyp info spawn args   '-Dnode_root_dir=/home/danny/.cache/node-gyp/20.11.0',
8710 error gyp info spawn args   '-Dnode_gyp_dir=/home/danny/node_modules/node-gyp',
8710 error gyp info spawn args   '-Dnode_lib_file=/home/danny/.cache/node-gyp/20.11.0/<(target_arch)/node.lib',
8710 error gyp info spawn args   '-Dmodule_root_dir=/home/danny/.npm/_cacache/tmp/git-cloneriPieP',
8710 error gyp info spawn args   '-Dnode_engine=v8',
8710 error gyp info spawn args   '--depth=.',
8710 error gyp info spawn args   '--no-parallel',
8710 error gyp info spawn args   '--generator-output',
8710 error gyp info spawn args   'build',
8710 error gyp info spawn args   '-Goutput_dir=.'
8710 error gyp info spawn args ]
8710 error gyp verb command build []
8710 error gyp verb build type Release
8710 error gyp verb architecture x64
8710 error gyp verb node dev dir /home/danny/.cache/node-gyp/20.11.0
8710 error gyp verb `which` succeeded for `make` /usr/bin/make
8710 error gyp info spawn make
8710 error gyp info spawn args [ 'V=1', 'BUILDTYPE=Release', '-C', 'build' ]
8710 error ../src/core/encoding-conversion.cc: In member function int EncodingConversion::convert(const char**, const char*, char**, char*) const:
8710 error ../src/core/encoding-conversion.cc:91:5: warning: this statement may fall through [-Wimplicit-fallthrough=]
8710 error    91 |     }
8710 error       |     ^
8710 error ../src/core/encoding-conversion.cc:93:5: note: here
8710 error    93 |     case UTF16_TO_UTF8: {
8710 error       |     ^~~~
8710 error ../src/core/encoding-conversion.cc:114:5: warning: this statement may fall through [-Wimplicit-fallthrough=]
8710 error   114 |     }
8710 error       |     ^
8710 error ../src/core/encoding-conversion.cc:116:5: note: here
8710 error   116 |     default: {
8710 error       |     ^~~~~~~
8710 error ../src/core/encoding-conversion.cc: In member function size_t EncodingConversion::decode(std::u16string&, const char*, size_t, bool):
8710 error ../src/core/encoding-conversion.cc:209:9: warning: this statement may fall through [-Wimplicit-fallthrough=]
8710 error   209 |         if (!is_last_chunk) {
8710 error       |         ^~
8710 error ../src/core/encoding-conversion.cc:216:7: note: here
8710 error   216 |       case Invalid:
8710 error       |       ^~~~
8710 error ../src/core/encoding-conversion.cc: In member function size_t EncodingConversion::encode(const std::u16string&, size_t*, size_t, char*, size_t, bool):
8710 error ../src/core/encoding-conversion.cc:294:9: warning: this statement may fall through [-Wimplicit-fallthrough=]
8710 error   294 |         if (!is_at_end) break;
8710 error       |         ^~
8710 error ../src/core/encoding-conversion.cc:296:7: note: here
8710 error   296 |       case Invalid:
8710 error       |       ^~~~
8710 error ../vendor/pcre/10.23/src/pcre2_compile.c: In function _pcre2_check_escape_16:
8710 error ../vendor/pcre/10.23/src/pcre2_compile.c:1605:8: warning: this statement may fall through [-Wimplicit-fallthrough=]
8710 error  1605 |     if (c >= CHAR_8) break;
8710 error       |        ^
8710 error ../vendor/pcre/10.23/src/pcre2_compile.c:1615:5: note: here
8710 error  1615 |     case CHAR_0:
8710 error       |     ^~~~
8710 error ../vendor/pcre/10.23/src/pcre2_compile.c: In function get_branchlength:
8710 error ../vendor/pcre/10.23/src/pcre2_compile.c:8379:8: warning: this statement may fall through [-Wimplicit-fallthrough=]
8710 error  8379 |     if ((cb->external_options & PCRE2_MATCH_UNSET_BACKREF) != 0)
8710 error       |        ^
8710 error ../vendor/pcre/10.23/src/pcre2_compile.c:8382:5: note: here
8710 error  8382 |     case META_RECURSE_BYNAME:
8710 error       |     ^~~~
8710 error ../vendor/pcre/10.23/src/pcre2_compile.c:8429:8: warning: this statement may fall through [-Wimplicit-fallthrough=]
8710 error  8429 |     if (group < 10)
8710 error       |        ^
8710 error ../vendor/pcre/10.23/src/pcre2_compile.c:8440:5: note: here
8710 error  8440 |     case META_RECURSE:
8710 error       |     ^~~~
8710 error ../vendor/pcre/10.23/src/pcre2_compile.c: In function compile_regex:
8710 error ../vendor/pcre/10.23/src/pcre2_compile.c:7283:17: warning: storing the address of local variable capitem in *cb.open_caps [-Wdangling-pointer=]
8710 error  7283 |   cb->open_caps = &capitem;
8710 error       |   ~~~~~~~~~~~~~~^~~~~~~~~~
8710 error ../vendor/pcre/10.23/src/pcre2_compile.c:7223:14: note: capitem declared here
8710 error  7223 | open_capitem capitem;
8710 error       |              ^~~~~~~
8710 error ../vendor/pcre/10.23/src/pcre2_compile.c:7217:39: note: cb declared here
8710 error  7217 |   branch_chain *bcptr, compile_block *cb, PCRE2_SIZE *lengthptr)
8710 error ../vendor/pcre/10.23/src/pcre2_dfa_match.c: In function internal_dfa_match:
8710 error ../vendor/pcre/10.23/src/pcre2_dfa_match.c:2138:12: warning: this statement may fall through [-Wimplicit-fallthrough=]
8710 error  2138 |         if (mb->bsr_convention == PCRE2_BSR_ANYCRLF) break;
8710 error       |            ^
8710 error ../vendor/pcre/10.23/src/pcre2_dfa_match.c:2140:9: note: here
8710 error  2140 |         case CHAR_LF:
8710 error       |         ^~~~
8710 error ../vendor/pcre/10.23/src/pcre2_jit_compile.c: In function scan_prefix:
8710 error ../vendor/pcre/10.23/src/pcre2_jit_compile.c:3512:14: warning: this statement may fall through [-Wimplicit-fallthrough=]
8710 error  3512 |     caseless = TRUE;
8710 error ../vendor/pcre/10.23/src/pcre2_jit_compile.c:3513:5: note: here
8710 error  3513 |     case OP_CHAR:
8710 error       |     ^~~~
8710 error ../vendor/pcre/10.23/src/pcre2_jit_compile.c:3543:14: warning: this statement may fall through [-Wimplicit-fallthrough=]
8710 error  3543 |     caseless = TRUE;
8710 error ../vendor/pcre/10.23/src/pcre2_jit_compile.c:3544:5: note: here
8710 error  3544 |     case OP_PLUS:
8710 error       |     ^~~~
8710 error ../vendor/pcre/10.23/src/pcre2_jit_compile.c:3551:14: warning: this statement may fall through [-Wimplicit-fallthrough=]
8710 error  3551 |     caseless = TRUE;
8710 error ../vendor/pcre/10.23/src/pcre2_jit_compile.c:3552:5: note: here
8710 error  3552 |     case OP_EXACT:
8710 error       |     ^~~~
8710 error ../vendor/pcre/10.23/src/pcre2_jit_compile.c:3561:14: warning: this statement may fall through [-Wimplicit-fallthrough=]
8710 error  3561 |     caseless = TRUE;
8710 error ../vendor/pcre/10.23/src/pcre2_jit_compile.c:3562:5: note: here
8710 error  3562 |     case OP_QUERY:
8710 error       |     ^~~~
8710 error ../vendor/pcre/10.23/src/pcre2_match.c: In function match:
8710 error ../vendor/pcre/10.23/src/pcre2_match.c:1659:12: warning: this statement may fall through [-Wimplicit-fallthrough=]
8710 error  1659 |         if (mb->start_match_ptr < next_ecode &&
8710 error       |            ^
8710 error ../vendor/pcre/10.23/src/pcre2_match.c:1672:9: note: here
8710 error  1672 |         case MATCH_COMMIT:
8710 error       |         ^~~~
8710 error ../vendor/pcre/10.23/src/pcre2_match.c:1004:8: warning: this statement may fall through [-Wimplicit-fallthrough=]
8710 error  1004 |     if (offset < mb->offset_max)
8710 error       |        ^
8710 error ../vendor/pcre/10.23/src/pcre2_match.c:1084:5: note: here
8710 error  1084 |     case OP_ONCE:
8710 error       |     ^~~~
8710 error ../vendor/pcre/10.23/src/pcre2_match.c:1517:8: warning: this statement may fall through [-Wimplicit-fallthrough=]
8710 error  1517 |     if (eptr > mb->last_used_ptr) mb->last_used_ptr = eptr;
8710 error       |        ^
8710 error ../vendor/pcre/10.23/src/pcre2_match.c:1519:5: note: here
8710 error  1519 |     case OP_ACCEPT:
8710 error       |     ^~~~
8710 error ../vendor/pcre/10.23/src/pcre2_match.c:2146:8: warning: this statement may fall through [-Wimplicit-fallthrough=]
8710 error  2146 |     if ((mb->moptions & PCRE2_NOTBOL) != 0 && eptr == mb->start_subject)
8710 error       |        ^
8710 error ../vendor/pcre/10.23/src/pcre2_match.c:2151:5: note: here
8710 error  2151 |     case OP_SOD:
8710 error       |     ^~~~
8710 error ../vendor/pcre/10.23/src/pcre2_match.c:2217:8: warning: this statement may fall through [-Wimplicit-fallthrough=]
8710 error  2217 |     if ((mb->poptions & PCRE2_DOLLAR_ENDONLY) == 0) goto ASSERT_NL_OR_EOS;
8710 error       |        ^
8710 error ../vendor/pcre/10.23/src/pcre2_match.c:2223:5: note: here
8710 error  2223 |     case OP_EOD:
8710 error       |     ^~~~
8710 error ../vendor/pcre/10.23/src/pcre2_study.c: In function set_start_bits:
8710 error ../vendor/pcre/10.23/src/pcre2_study.c:1449:16: warning: this statement may fall through [-Wimplicit-fallthrough=]
8710 error  1449 |       classmap = ((tcode[1 + LINK_SIZE] & XCL_MAP) == 0)? NULL :
8710 error       |       ~~~~~~~~~^~~~~~~~~~~~~~~~~~~~~~~~~~~~~~~~~~~~~~~~~~~~~~~~~
8710 error  1450 |         (uint8_t *)(tcode + 1 + LINK_SIZE + 1);
8710 error       |         ~~~~~~~~~~~~~~~~~~~~~~~~~~~~~~~~~~~~~~
8710 error ../vendor/pcre/10.23/src/pcre2_study.c:1459:7: note: here
8710 error  1459 |       case OP_NCLASS:
8710 error       |       ^~~~
8710 error In file included from ../node_modules/nan/nan.h:62,
8710 error                  from ../src/bindings/marker-index-wrapper.h:1,
8710 error                  from ../src/bindings/bindings.cc:1:
8710 error /home/danny/.cache/node-gyp/20.11.0/include/node/node.h:1172:7: warning: cast between incompatible function types from void (*)(v8::Local<v8::Object>) to node::addon_register_func {aka void (*)(v8::Local<v8::Object>, v8::Local<v8::Value>, void*)} [-Wcast-function-type]
8710 error  1172 |       (node::addon_register_func) (regfunc),                          \
8710 error       |       ^~~~~~~~~~~~~~~~~~~~~~~~~~~~~~~~~~~~~
8710 error /home/danny/.cache/node-gyp/20.11.0/include/node/node.h:1206:3: note: in expansion of macro NODE_MODULE_X
8710 error  1206 |   NODE_MODULE_X(modname, regfunc, NULL, 0)  // NOLINT (readability/null_usage)
8710 error       |   ^~~~~~~~~~~~~
8710 error ../src/bindings/bindings.cc:24:1: note: in expansion of macro NODE_MODULE
8710 error    24 | NODE_MODULE(superstring, Init)
8710 error       | ^~~~~~~~~~~
8710 error ../src/bindings/marker-index-wrapper.cc: In static member function static v8::Local<v8::Array> MarkerIndexWrapper::marker_ids_vector_to_js(const std::vector<unsigned int>&):
8710 error ../src/bindings/marker-index-wrapper.cc:116:18: warning: ignoring return value of v8::Maybe<bool> v8::Object::Set(v8::Local<v8::Context>, uint32_t, v8::Local<v8::Value>), declared with attribute warn_unused_result [-Wunused-result]
8710 error   116 |     js_array->Set(context, i, Nan::New<Integer>(marker_ids[i]));
8710 error       |     ~~~~~~~~~~~~~^~~~~~~~~~~~~~~~~~~~~~~~~~~~~~~~~~~~~~~~~~~~~~
8710 error In file included from /home/danny/.cache/node-gyp/20.11.0/include/node/v8-array-buffer.h:13,
8710 error                  from /home/danny/.cache/node-gyp/20.11.0/include/node/v8.h:24,
8710 error                  from /home/danny/.cache/node-gyp/20.11.0/include/node/node.h:73,
8710 error                  from ../node_modules/nan/nan.h:62,
8710 error                  from ../src/bindings/marker-index-wrapper.h:1,
8710 error                  from ../src/bindings/marker-index-wrapper.cc:1:
8710 error /home/danny/.cache/node-gyp/20.11.0/include/node/v8-object.h:249:37: note: declared here
8710 error   249 |   V8_WARN_UNUSED_RESULT Maybe<bool> Set(Local<Context> context, uint32_t index,
8710 error       |                                     ^~~
8710 error ../src/bindings/marker-index-wrapper.cc: In static member function static v8::Local<v8::Object> MarkerIndexWrapper::snapshot_to_js(const std::unordered_map<unsigned int, Range>&):
8710 error ../src/bindings/marker-index-wrapper.cc:127:15: warning: ignoring return value of v8::Maybe<bool> v8::Object::Set(v8::Local<v8::Context>, v8::Local<v8::Value>, v8::Local<v8::Value>), declared with attribute warn_unused_result [-Wunused-result]
8710 error   127 |     range->Set(context, Nan::New(start_string), PointWrapper::from_point(pair.second.start));
8710 error       |     ~~~~~~~~~~^~~~~~~~~~~~~~~~~~~~~~~~~~~~~~~~~~~~~~~~~~~~~~~~~~~~~~~~~~~~~~~~~~~~~~~~~~~~~~
8710 error /home/danny/.cache/node-gyp/20.11.0/include/node/v8-object.h:246:37: note: declared here
8710 error   246 |   V8_WARN_UNUSED_RESULT Maybe<bool> Set(Local<Context> context,
8710 error       |                                     ^~~
8710 error ../src/bindings/marker-index-wrapper.cc:128:15: warning: ignoring return value of v8::Maybe<bool> v8::Object::Set(v8::Local<v8::Context>, v8::Local<v8::Value>, v8::Local<v8::Value>), declared with attribute warn_unused_result [-Wunused-result]
8710 error   128 |     range->Set(context, Nan::New(end_string), PointWrapper::from_point(pair.second.end));
8710 error       |     ~~~~~~~~~~^~~~~~~~~~~~~~~~~~~~~~~~~~~~~~~~~~~~~~~~~~~~~~~~~~~~~~~~~~~~~~~~~~~~~~~~~~
8710 error /home/danny/.cache/node-gyp/20.11.0/include/node/v8-object.h:246:37: note: declared here
8710 error   246 |   V8_WARN_UNUSED_RESULT Maybe<bool> Set(Local<Context> context,
8710 error       |                                     ^~~
8710 error ../src/bindings/marker-index-wrapper.cc:129:23: warning: ignoring return value of v8::Maybe<bool> v8::Object::Set(v8::Local<v8::Context>, v8::Local<v8::Value>, v8::Local<v8::Value>), declared with attribute warn_unused_result [-Wunused-result]
8710 error   129 |     result_object->Set(context, Nan::New<Integer>(pair.first), range);
8710 error       |     ~~~~~~~~~~~~~~~~~~^~~~~~~~~~~~~~~~~~~~~~~~~~~~~~~~~~~~~~~~~~~~~~~
8710 error /home/danny/.cache/node-gyp/20.11.0/include/node/v8-object.h:246:37: note: declared here
8710 error   246 |   V8_WARN_UNUSED_RESULT Maybe<bool> Set(Local<Context> context,
8710 error       |                                     ^~~
8710 error ../src/bindings/text-buffer-wrapper.cc: In function v8::Local<v8::Value> encode_ranges(const std::vector<Range>&):
8710 error ../src/bindings/text-buffer-wrapper.cc:390:23: error: class v8::ArrayBuffer has no member named GetContents
8710 error   390 |   auto data = buffer->GetContents().Data();
8710 error       |                       ^~~~~~~~~~~
8710 error ../src/bindings/text-buffer-wrapper.cc: In member function virtual void TextBufferWrapper::find_words_with_subsequence_in_range(const Nan::FunctionCallbackInfo<v8::Value>&)::FindWordsWithSubsequenceInRangeWorker::HandleOKCallback():
8710 error ../src/bindings/text-buffer-wrapper.cc:614:81: error: class v8::ArrayBuffer has no member named GetContents
8710 error   614 |       uint32_t *positions_data = reinterpret_cast<uint32_t *>(positions_buffer->GetContents().Data());
8710 error       |                                                                                 ^~~~~~~~~~~
8710 error ../src/bindings/text-buffer-wrapper.cc: In static member function static void TextBufferWrapper::load(const Nan::FunctionCallbackInfo<v8::Value>&):
8710 error ../src/bindings/text-buffer-wrapper.cc:938:35: error: class v8::Function has no member named CreationContext; did you mean GetCreationContext?
8710 error   938 |     Nan::Call(callback, callback->CreationContext()->Global(), 2, argv);
8710 error       |                                   ^~~~~~~~~~~~~~~
8710 error       |                                   GetCreationContext
8710 error ../src/bindings/text-buffer-wrapper.cc: In static member function static void TextBufferWrapper::base_text_matches_file(const Nan::FunctionCallbackInfo<v8::Value>&):
8710 error ../src/bindings/text-buffer-wrapper.cc:1042:35: error: class v8::Function has no member named CreationContext; did you mean GetCreationContext?
8710 error  1042 |     Nan::Call(callback, callback->CreationContext()->Global(), 2, argv);
8710 error       |                                   ^~~~~~~~~~~~~~~
8710 error       |                                   GetCreationContext
8710 error make: *** [superstring.target.mk:124: Release/obj.target/superstring/src/bindings/text-buffer-wrapper.o] Error 1
8710 error gyp ERR! build error 
8710 error gyp ERR! stack Error: `make` failed with exit code: 2
8710 error gyp ERR! stack     at ChildProcess.onExit (/home/danny/node_modules/node-gyp/lib/build.js:194:23)
8710 error gyp ERR! stack     at ChildProcess.emit (node:events:518:28)
8710 error gyp ERR! stack     at ChildProcess._handle.onexit (node:internal/child_process:294:12)
8710 error gyp ERR! System Linux 6.8.0-45-generic
8710 error gyp ERR! command "/home/danny/.nvm/versions/node/v20.11.0/bin/node" "/home/danny/node_modules/.bin/node-gyp" "rebuild"
8710 error gyp ERR! cwd /home/danny/.npm/_cacache/tmp/git-cloneriPieP
8710 error gyp ERR! node -v v20.11.0
8710 error gyp ERR! node-gyp -v v8.4.1
8710 error gyp ERR! not ok 
8710 error npm verbose stack Error: command failed
8710 error npm verbose stack     at promiseSpawn (/home/danny/.nvm/versions/node/v20.11.0/lib/node_modules/npm/node_modules/@npmcli/promise-spawn/lib/index.js:22:22)
8710 error npm verbose stack     at spawnWithShell (/home/danny/.nvm/versions/node/v20.11.0/lib/node_modules/npm/node_modules/@npmcli/promise-spawn/lib/index.js:124:10)
8710 error npm verbose stack     at promiseSpawn (/home/danny/.nvm/versions/node/v20.11.0/lib/node_modules/npm/node_modules/@npmcli/promise-spawn/lib/index.js:12:12)
8710 error npm verbose stack     at runScriptPkg (/home/danny/.nvm/versions/node/v20.11.0/lib/node_modules/npm/node_modules/@npmcli/run-script/lib/run-script-pkg.js:77:13)
8710 error npm verbose stack     at async Install.exec (/home/danny/.nvm/versions/node/v20.11.0/lib/node_modules/npm/lib/commands/install.js:163:9)
8710 error npm verbose stack     at async Npm.exec (/home/danny/.nvm/versions/node/v20.11.0/lib/node_modules/npm/lib/npm.js:207:9)
8710 error npm verbose stack     at async module.exports (/home/danny/.nvm/versions/node/v20.11.0/lib/node_modules/npm/lib/cli/entry.js:74:5)
8710 error npm verbose pkgid superstring@2.4.4
8710 error npm error code 1
8710 error npm error path /home/danny/.npm/_cacache/tmp/git-cloneriPieP
8710 error npm error command failed
8710 error npm error command sh -c node-gyp rebuild
8710 error npm verbose cwd /home/danny/.npm/_cacache/tmp/git-cloneriPieP
8710 error npm verbose os Linux 6.8.0-45-generic
8710 error npm verbose node v20.11.0
8710 error npm verbose npm  v10.9.0
8710 error npm verbose exit 1
8710 error npm verbose code 1
8710 error npm error A complete log of this run can be found in: /home/danny/.npm/_logs/2024-10-13T14_26_54_275Z-debug-0.log
8719 error A complete log of this run can be found in: /home/danny/.npm/_logs/2024-10-13T14_25_56_869Z-debug-0.log

================
File: LICENSE
================
MIT License

Copyright (c) 2024 Danny Ayers

Permission is hereby granted, free of charge, to any person obtaining a copy
of this software and associated documentation files (the "Software"), to deal
in the Software without restriction, including without limitation the rights
to use, copy, modify, merge, publish, distribute, sublicense, and/or sell
copies of the Software, and to permit persons to whom the Software is
furnished to do so, subject to the following conditions:

The above copyright notice and this permission notice shall be included in all
copies or substantial portions of the Software.

THE SOFTWARE IS PROVIDED "AS IS", WITHOUT WARRANTY OF ANY KIND, EXPRESS OR
IMPLIED, INCLUDING BUT NOT LIMITED TO THE WARRANTIES OF MERCHANTABILITY,
FITNESS FOR A PARTICULAR PURPOSE AND NONINFRINGEMENT. IN NO EVENT SHALL THE
AUTHORS OR COPYRIGHT HOLDERS BE LIABLE FOR ANY CLAIM, DAMAGES OR OTHER
LIABILITY, WHETHER IN AN ACTION OF CONTRACT, TORT OR OTHERWISE, ARISING FROM,
OUT OF OR IN CONNECTION WITH THE SOFTWARE OR THE USE OR OTHER DEALINGS IN THE
SOFTWARE.

================
File: package.json
================
{
  "name": "sheltopusik",
  "description": "A toy language",
  "type": "module",
  "version": "1.0.0",
  "main": "index.js",
  "scripts": {
    "test": "jasmine --config=jasmine.json --reporter=tests/helpers/reporter.js",
    "docs": "jsdoc -c jsdoc.json",
    "build": "webpack --mode=production --node-env=production",
    "build:dev": "webpack --mode=development",
    "build:prod": "webpack --mode=production --node-env=production",
    "watch": "webpack --watch",
    "serve": "webpack serve"
  },
  "keywords": [],
  "author": "Danny Ayers",
  "license": "MIT"
}

================
File: README.md
================
# sheltopusik
A toy language
